CRITICAL - 2025-01-10 10:36:37 --> CodeIgniter\Session\Exceptions\SessionException: Session: Configured save path "D:\OneDrive - Institut Teknologi Bandung\SEMESTER 5\TEKNOLOGI SISTEM TERINTEGRASI\tripwalk\writable\session" is not writable by the PHP process.
[Method: GET, Route: /]
in SYSTEMPATH\Session\Handlers\FileHandler.php on line 103.
 1 SYSTEMPATH\Session\Handlers\FileHandler.php(103): CodeIgniter\Session\Exceptions\SessionException::forWriteProtectedSavePath('D:\\OneDrive - Institut Teknologi Bandung\\SEMESTER 5\\TEKNOLOGI SISTEM TERINTEGRASI\\tripwalk\\writable\\session')
 2 [internal function]: CodeIgniter\Session\Handlers\FileHandler->open('D:\\OneDrive - Institut Teknologi Bandung\\SEMESTER 5\\TEKNOLOGI SISTEM TERINTEGRASI\\tripwalk\\writable\\session', 'ci_session')
 3 SYSTEMPATH\Session\Session.php(920): session_start()
 4 SYSTEMPATH\Session\Session.php(242): CodeIgniter\Session\Session->startSession()
 5 SYSTEMPATH\Config\Services.php(710): CodeIgniter\Session\Session->start()
 6 SYSTEMPATH\Config\BaseService.php(312): CodeIgniter\Config\Services::session(Object(Config\Session), false)
 7 SYSTEMPATH\Config\BaseService.php(251): CodeIgniter\Config\BaseService::__callStatic('session', [...])
 8 SYSTEMPATH\Config\Services.php(668): CodeIgniter\Config\BaseService::getSharedInstance('session', null)
 9 SYSTEMPATH\Config\BaseService.php(321): CodeIgniter\Config\Services::session()
10 SYSTEMPATH\Config\BaseService.php(202): CodeIgniter\Config\BaseService::__callStatic('session', [])
11 SYSTEMPATH\Common.php(998): CodeIgniter\Config\BaseService::get('session')
12 SYSTEMPATH\Common.php(971): service('session')
13 APPPATH\Controllers\Home.php(7): session()
14 SYSTEMPATH\CodeIgniter.php(933): App\Controllers\Home->index()
15 SYSTEMPATH\CodeIgniter.php(509): CodeIgniter\CodeIgniter->runController(Object(App\Controllers\Home))
16 SYSTEMPATH\CodeIgniter.php(355): CodeIgniter\CodeIgniter->handleRequest(null, Object(Config\Cache), false)
17 SYSTEMPATH\Boot.php(325): CodeIgniter\CodeIgniter->run()
18 SYSTEMPATH\Boot.php(67): CodeIgniter\Boot::runCodeIgniter(Object(CodeIgniter\CodeIgniter))
19 FCPATH\index.php(56): CodeIgniter\Boot::bootWeb(Object(Config\Paths))
20 SYSTEMPATH\rewrite.php(44): require_once('D:\\OneDrive - Institut Teknologi Bandung\\SEMESTER 5\\TEKNOLOGI SISTEM TERINTEGRASI\\tripwalk\\public\\index.php')
DEBUG - 2025-01-10 10:36:53 --> Session: Class initialized using 'CodeIgniter\Session\Handlers\FileHandler' driver.
DEBUG - 2025-01-10 10:36:54 --> Session: Class initialized using 'CodeIgniter\Session\Handlers\FileHandler' driver.
