DEBUG - 2024-12-29 07:10:14 --> Session: Class initialized using 'CodeIgniter\Session\Handlers\FileHandler' driver.
DEBUG - 2024-12-29 07:10:15 --> Session: Class initialized using 'CodeIgniter\Session\Handlers\FileHandler' driver.
DEBUG - 2024-12-29 07:10:41 --> Session: Class initialized using 'CodeIgniter\Session\Handlers\FileHandler' driver.
DEBUG - 2024-12-29 07:10:44 --> Session: Class initialized using 'CodeIgniter\Session\Handlers\FileHandler' driver.
DEBUG - 2024-12-29 07:10:44 --> Session: Class initialized using 'CodeIgniter\Session\Handlers\FileHandler' driver.
DEBUG - 2024-12-29 07:11:01 --> Session: Class initialized using 'CodeIgniter\Session\Handlers\FileHandler' driver.
DEBUG - 2024-12-29 07:11:01 --> Session: Class initialized using 'CodeIgniter\Session\Handlers\FileHandler' driver.
DEBUG - 2024-12-29 07:11:05 --> Session: Class initialized using 'CodeIgniter\Session\Handlers\FileHandler' driver.
DEBUG - 2024-12-29 07:11:06 --> Session: Class initialized using 'CodeIgniter\Session\Handlers\FileHandler' driver.
DEBUG - 2024-12-29 07:13:39 --> Session: Class initialized using 'CodeIgniter\Session\Handlers\FileHandler' driver.
DEBUG - 2024-12-29 07:13:39 --> Session: Class initialized using 'CodeIgniter\Session\Handlers\FileHandler' driver.
DEBUG - 2024-12-29 07:14:01 --> Session: Class initialized using 'CodeIgniter\Session\Handlers\FileHandler' driver.
DEBUG - 2024-12-29 07:14:15 --> Session: Class initialized using 'CodeIgniter\Session\Handlers\FileHandler' driver.
DEBUG - 2024-12-29 07:15:17 --> Session: Class initialized using 'CodeIgniter\Session\Handlers\FileHandler' driver.
DEBUG - 2024-12-29 07:15:19 --> Session: Class initialized using 'CodeIgniter\Session\Handlers\FileHandler' driver.
DEBUG - 2024-12-29 07:15:22 --> Session: Class initialized using 'CodeIgniter\Session\Handlers\FileHandler' driver.
DEBUG - 2024-12-29 07:15:22 --> Session: Class initialized using 'CodeIgniter\Session\Handlers\FileHandler' driver.
DEBUG - 2024-12-29 07:15:44 --> Session: Class initialized using 'CodeIgniter\Session\Handlers\FileHandler' driver.
DEBUG - 2024-12-29 07:15:47 --> Session: Class initialized using 'CodeIgniter\Session\Handlers\FileHandler' driver.
DEBUG - 2024-12-29 07:15:48 --> Session: Class initialized using 'CodeIgniter\Session\Handlers\FileHandler' driver.
DEBUG - 2024-12-29 07:16:14 --> Session: Class initialized using 'CodeIgniter\Session\Handlers\FileHandler' driver.
DEBUG - 2024-12-29 07:16:17 --> Session: Class initialized using 'CodeIgniter\Session\Handlers\FileHandler' driver.
DEBUG - 2024-12-29 07:16:17 --> Session: Class initialized using 'CodeIgniter\Session\Handlers\FileHandler' driver.
DEBUG - 2024-12-29 07:38:11 --> Session: Class initialized using 'CodeIgniter\Session\Handlers\FileHandler' driver.
DEBUG - 2024-12-29 07:38:11 --> Session: Class initialized using 'CodeIgniter\Session\Handlers\FileHandler' driver.
DEBUG - 2024-12-29 07:40:22 --> Session: Class initialized using 'CodeIgniter\Session\Handlers\FileHandler' driver.
DEBUG - 2024-12-29 07:40:22 --> Session: Class initialized using 'CodeIgniter\Session\Handlers\FileHandler' driver.
DEBUG - 2024-12-29 07:42:51 --> Session: Class initialized using 'CodeIgniter\Session\Handlers\FileHandler' driver.
DEBUG - 2024-12-29 07:42:51 --> Session: Class initialized using 'CodeIgniter\Session\Handlers\FileHandler' driver.
DEBUG - 2024-12-29 07:43:10 --> Session: Class initialized using 'CodeIgniter\Session\Handlers\FileHandler' driver.
DEBUG - 2024-12-29 07:43:11 --> Session: Class initialized using 'CodeIgniter\Session\Handlers\FileHandler' driver.
DEBUG - 2024-12-29 07:43:11 --> Session: Class initialized using 'CodeIgniter\Session\Handlers\FileHandler' driver.
ERROR - 2024-12-29 07:43:17 --> mysqli_sql_exception: Table 'tripify.user' doesn't exist in D:\CodeIgniter4-develop\system\Database\MySQLi\Connection.php:312
Stack trace:
#0 D:\CodeIgniter4-develop\system\Database\MySQLi\Connection.php(312): mysqli->query('SELECT name FRO...', 0)
#1 D:\CodeIgniter4-develop\system\Database\BaseConnection.php(734): CodeIgniter\Database\MySQLi\Connection->execute('SELECT name FRO...')
#2 D:\CodeIgniter4-develop\system\Database\BaseConnection.php(648): CodeIgniter\Database\BaseConnection->simpleQuery('SELECT name FRO...')
#3 D:\CodeIgniter4-develop\app\Models\Login.php(12): CodeIgniter\Database\BaseConnection->query('SELECT name FRO...')
#4 D:\CodeIgniter4-develop\app\Controllers\LoginController.php(12): App\Models\Login->getDataUsers('ammarnfl', 'e10adc3949ba59a...')
#5 D:\CodeIgniter4-develop\system\CodeIgniter.php(933): App\Controllers\LoginController->login_action()
#6 D:\CodeIgniter4-develop\system\CodeIgniter.php(509): CodeIgniter\CodeIgniter->runController(Object(App\Controllers\LoginController))
#7 D:\CodeIgniter4-develop\system\CodeIgniter.php(355): CodeIgniter\CodeIgniter->handleRequest(NULL, Object(Config\Cache), false)
#8 D:\CodeIgniter4-develop\system\Boot.php(325): CodeIgniter\CodeIgniter->run()
#9 D:\CodeIgniter4-develop\system\Boot.php(67): CodeIgniter\Boot::runCodeIgniter(Object(CodeIgniter\CodeIgniter))
#10 D:\CodeIgniter4-develop\public\index.php(56): CodeIgniter\Boot::bootWeb(Object(Config\Paths))
#11 D:\CodeIgniter4-develop\system\rewrite.php(44): require_once('D:\\CodeIgniter4...')
#12 {main}
CRITICAL - 2024-12-29 07:43:17 --> CodeIgniter\Database\Exceptions\DatabaseException: Table 'tripify.user' doesn't exist
[Method: POST, Route: login_action]
in SYSTEMPATH\Database\BaseConnection.php on line 688.
 1 APPPATH\Models\Login.php(12): CodeIgniter\Database\BaseConnection->query('SELECT name FROM user WHERE 
                        username = "ammarnfl" 
                        AND password = "e10adc3949ba59abbe56e057f20f883e"')
 2 APPPATH\Controllers\LoginController.php(12): App\Models\Login->getDataUsers('ammarnfl', 'e10adc3949ba59abbe56e057f20f883e')
 3 SYSTEMPATH\CodeIgniter.php(933): App\Controllers\LoginController->login_action()
 4 SYSTEMPATH\CodeIgniter.php(509): CodeIgniter\CodeIgniter->runController(Object(App\Controllers\LoginController))
 5 SYSTEMPATH\CodeIgniter.php(355): CodeIgniter\CodeIgniter->handleRequest(null, Object(Config\Cache), false)
 6 SYSTEMPATH\Boot.php(325): CodeIgniter\CodeIgniter->run()
 7 SYSTEMPATH\Boot.php(67): CodeIgniter\Boot::runCodeIgniter(Object(CodeIgniter\CodeIgniter))
 8 FCPATH\index.php(56): CodeIgniter\Boot::bootWeb(Object(Config\Paths))
 9 SYSTEMPATH\rewrite.php(44): require_once('D:\\CodeIgniter4-develop\\public\\index.php')
CRITICAL - 2024-12-29 07:43:17 --> [Caused by] CodeIgniter\Database\Exceptions\DatabaseException: Table 'tripify.user' doesn't exist
in SYSTEMPATH\Database\MySQLi\Connection.php on line 317.
 1 SYSTEMPATH\Database\BaseConnection.php(734): CodeIgniter\Database\MySQLi\Connection->execute('SELECT name FROM user WHERE 
                        username = "ammarnfl" 
                        AND password = "e10adc3949ba59abbe56e057f20f883e"')
 2 SYSTEMPATH\Database\BaseConnection.php(648): CodeIgniter\Database\BaseConnection->simpleQuery('SELECT name FROM user WHERE 
                        username = "ammarnfl" 
                        AND password = "e10adc3949ba59abbe56e057f20f883e"')
 3 APPPATH\Models\Login.php(12): CodeIgniter\Database\BaseConnection->query('SELECT name FROM user WHERE 
                        username = "ammarnfl" 
                        AND password = "e10adc3949ba59abbe56e057f20f883e"')
 4 APPPATH\Controllers\LoginController.php(12): App\Models\Login->getDataUsers('ammarnfl', 'e10adc3949ba59abbe56e057f20f883e')
 5 SYSTEMPATH\CodeIgniter.php(933): App\Controllers\LoginController->login_action()
 6 SYSTEMPATH\CodeIgniter.php(509): CodeIgniter\CodeIgniter->runController(Object(App\Controllers\LoginController))
 7 SYSTEMPATH\CodeIgniter.php(355): CodeIgniter\CodeIgniter->handleRequest(null, Object(Config\Cache), false)
 8 SYSTEMPATH\Boot.php(325): CodeIgniter\CodeIgniter->run()
 9 SYSTEMPATH\Boot.php(67): CodeIgniter\Boot::runCodeIgniter(Object(CodeIgniter\CodeIgniter))
10 FCPATH\index.php(56): CodeIgniter\Boot::bootWeb(Object(Config\Paths))
11 SYSTEMPATH\rewrite.php(44): require_once('D:\\CodeIgniter4-develop\\public\\index.php')
CRITICAL - 2024-12-29 07:43:17 --> [Caused by] mysqli_sql_exception: Table 'tripify.user' doesn't exist
in SYSTEMPATH\Database\MySQLi\Connection.php on line 312.
 1 SYSTEMPATH\Database\MySQLi\Connection.php(312): mysqli->query('SELECT name FROM user WHERE 
                        username = "ammarnfl" 
                        AND password = "e10adc3949ba59abbe56e057f20f883e"', 0)
 2 SYSTEMPATH\Database\BaseConnection.php(734): CodeIgniter\Database\MySQLi\Connection->execute('SELECT name FROM user WHERE 
                        username = "ammarnfl" 
                        AND password = "e10adc3949ba59abbe56e057f20f883e"')
 3 SYSTEMPATH\Database\BaseConnection.php(648): CodeIgniter\Database\BaseConnection->simpleQuery('SELECT name FROM user WHERE 
                        username = "ammarnfl" 
                        AND password = "e10adc3949ba59abbe56e057f20f883e"')
 4 APPPATH\Models\Login.php(12): CodeIgniter\Database\BaseConnection->query('SELECT name FROM user WHERE 
                        username = "ammarnfl" 
                        AND password = "e10adc3949ba59abbe56e057f20f883e"')
 5 APPPATH\Controllers\LoginController.php(12): App\Models\Login->getDataUsers('ammarnfl', 'e10adc3949ba59abbe56e057f20f883e')
 6 SYSTEMPATH\CodeIgniter.php(933): App\Controllers\LoginController->login_action()
 7 SYSTEMPATH\CodeIgniter.php(509): CodeIgniter\CodeIgniter->runController(Object(App\Controllers\LoginController))
 8 SYSTEMPATH\CodeIgniter.php(355): CodeIgniter\CodeIgniter->handleRequest(null, Object(Config\Cache), false)
 9 SYSTEMPATH\Boot.php(325): CodeIgniter\CodeIgniter->run()
10 SYSTEMPATH\Boot.php(67): CodeIgniter\Boot::runCodeIgniter(Object(CodeIgniter\CodeIgniter))
11 FCPATH\index.php(56): CodeIgniter\Boot::bootWeb(Object(Config\Paths))
12 SYSTEMPATH\rewrite.php(44): require_once('D:\\CodeIgniter4-develop\\public\\index.php')
DEBUG - 2024-12-29 07:43:27 --> Session: Class initialized using 'CodeIgniter\Session\Handlers\FileHandler' driver.
ERROR - 2024-12-29 07:44:16 --> mysqli_sql_exception: Unknown column 'name' in 'field list' in D:\CodeIgniter4-develop\system\Database\MySQLi\Connection.php:312
Stack trace:
#0 D:\CodeIgniter4-develop\system\Database\MySQLi\Connection.php(312): mysqli->query('SELECT name FRO...', 0)
#1 D:\CodeIgniter4-develop\system\Database\BaseConnection.php(734): CodeIgniter\Database\MySQLi\Connection->execute('SELECT name FRO...')
#2 D:\CodeIgniter4-develop\system\Database\BaseConnection.php(648): CodeIgniter\Database\BaseConnection->simpleQuery('SELECT name FRO...')
#3 D:\CodeIgniter4-develop\app\Models\Login.php(12): CodeIgniter\Database\BaseConnection->query('SELECT name FRO...')
#4 D:\CodeIgniter4-develop\app\Controllers\LoginController.php(12): App\Models\Login->getDataUsers('ammarnfl', 'e10adc3949ba59a...')
#5 D:\CodeIgniter4-develop\system\CodeIgniter.php(933): App\Controllers\LoginController->login_action()
#6 D:\CodeIgniter4-develop\system\CodeIgniter.php(509): CodeIgniter\CodeIgniter->runController(Object(App\Controllers\LoginController))
#7 D:\CodeIgniter4-develop\system\CodeIgniter.php(355): CodeIgniter\CodeIgniter->handleRequest(NULL, Object(Config\Cache), false)
#8 D:\CodeIgniter4-develop\system\Boot.php(325): CodeIgniter\CodeIgniter->run()
#9 D:\CodeIgniter4-develop\system\Boot.php(67): CodeIgniter\Boot::runCodeIgniter(Object(CodeIgniter\CodeIgniter))
#10 D:\CodeIgniter4-develop\public\index.php(56): CodeIgniter\Boot::bootWeb(Object(Config\Paths))
#11 D:\CodeIgniter4-develop\system\rewrite.php(44): require_once('D:\\CodeIgniter4...')
#12 {main}
CRITICAL - 2024-12-29 07:44:16 --> CodeIgniter\Database\Exceptions\DatabaseException: Unknown column 'name' in 'field list'
[Method: POST, Route: login_action]
in SYSTEMPATH\Database\BaseConnection.php on line 688.
 1 APPPATH\Models\Login.php(12): CodeIgniter\Database\BaseConnection->query('SELECT name FROM account WHERE 
                        username = "ammarnfl" 
                        AND password = "e10adc3949ba59abbe56e057f20f883e"')
 2 APPPATH\Controllers\LoginController.php(12): App\Models\Login->getDataUsers('ammarnfl', 'e10adc3949ba59abbe56e057f20f883e')
 3 SYSTEMPATH\CodeIgniter.php(933): App\Controllers\LoginController->login_action()
 4 SYSTEMPATH\CodeIgniter.php(509): CodeIgniter\CodeIgniter->runController(Object(App\Controllers\LoginController))
 5 SYSTEMPATH\CodeIgniter.php(355): CodeIgniter\CodeIgniter->handleRequest(null, Object(Config\Cache), false)
 6 SYSTEMPATH\Boot.php(325): CodeIgniter\CodeIgniter->run()
 7 SYSTEMPATH\Boot.php(67): CodeIgniter\Boot::runCodeIgniter(Object(CodeIgniter\CodeIgniter))
 8 FCPATH\index.php(56): CodeIgniter\Boot::bootWeb(Object(Config\Paths))
 9 SYSTEMPATH\rewrite.php(44): require_once('D:\\CodeIgniter4-develop\\public\\index.php')
CRITICAL - 2024-12-29 07:44:16 --> [Caused by] CodeIgniter\Database\Exceptions\DatabaseException: Unknown column 'name' in 'field list'
in SYSTEMPATH\Database\MySQLi\Connection.php on line 317.
 1 SYSTEMPATH\Database\BaseConnection.php(734): CodeIgniter\Database\MySQLi\Connection->execute('SELECT name FROM account WHERE 
                        username = "ammarnfl" 
                        AND password = "e10adc3949ba59abbe56e057f20f883e"')
 2 SYSTEMPATH\Database\BaseConnection.php(648): CodeIgniter\Database\BaseConnection->simpleQuery('SELECT name FROM account WHERE 
                        username = "ammarnfl" 
                        AND password = "e10adc3949ba59abbe56e057f20f883e"')
 3 APPPATH\Models\Login.php(12): CodeIgniter\Database\BaseConnection->query('SELECT name FROM account WHERE 
                        username = "ammarnfl" 
                        AND password = "e10adc3949ba59abbe56e057f20f883e"')
 4 APPPATH\Controllers\LoginController.php(12): App\Models\Login->getDataUsers('ammarnfl', 'e10adc3949ba59abbe56e057f20f883e')
 5 SYSTEMPATH\CodeIgniter.php(933): App\Controllers\LoginController->login_action()
 6 SYSTEMPATH\CodeIgniter.php(509): CodeIgniter\CodeIgniter->runController(Object(App\Controllers\LoginController))
 7 SYSTEMPATH\CodeIgniter.php(355): CodeIgniter\CodeIgniter->handleRequest(null, Object(Config\Cache), false)
 8 SYSTEMPATH\Boot.php(325): CodeIgniter\CodeIgniter->run()
 9 SYSTEMPATH\Boot.php(67): CodeIgniter\Boot::runCodeIgniter(Object(CodeIgniter\CodeIgniter))
10 FCPATH\index.php(56): CodeIgniter\Boot::bootWeb(Object(Config\Paths))
11 SYSTEMPATH\rewrite.php(44): require_once('D:\\CodeIgniter4-develop\\public\\index.php')
CRITICAL - 2024-12-29 07:44:16 --> [Caused by] mysqli_sql_exception: Unknown column 'name' in 'field list'
in SYSTEMPATH\Database\MySQLi\Connection.php on line 312.
 1 SYSTEMPATH\Database\MySQLi\Connection.php(312): mysqli->query('SELECT name FROM account WHERE 
                        username = "ammarnfl" 
                        AND password = "e10adc3949ba59abbe56e057f20f883e"', 0)
 2 SYSTEMPATH\Database\BaseConnection.php(734): CodeIgniter\Database\MySQLi\Connection->execute('SELECT name FROM account WHERE 
                        username = "ammarnfl" 
                        AND password = "e10adc3949ba59abbe56e057f20f883e"')
 3 SYSTEMPATH\Database\BaseConnection.php(648): CodeIgniter\Database\BaseConnection->simpleQuery('SELECT name FROM account WHERE 
                        username = "ammarnfl" 
                        AND password = "e10adc3949ba59abbe56e057f20f883e"')
 4 APPPATH\Models\Login.php(12): CodeIgniter\Database\BaseConnection->query('SELECT name FROM account WHERE 
                        username = "ammarnfl" 
                        AND password = "e10adc3949ba59abbe56e057f20f883e"')
 5 APPPATH\Controllers\LoginController.php(12): App\Models\Login->getDataUsers('ammarnfl', 'e10adc3949ba59abbe56e057f20f883e')
 6 SYSTEMPATH\CodeIgniter.php(933): App\Controllers\LoginController->login_action()
 7 SYSTEMPATH\CodeIgniter.php(509): CodeIgniter\CodeIgniter->runController(Object(App\Controllers\LoginController))
 8 SYSTEMPATH\CodeIgniter.php(355): CodeIgniter\CodeIgniter->handleRequest(null, Object(Config\Cache), false)
 9 SYSTEMPATH\Boot.php(325): CodeIgniter\CodeIgniter->run()
10 SYSTEMPATH\Boot.php(67): CodeIgniter\Boot::runCodeIgniter(Object(CodeIgniter\CodeIgniter))
11 FCPATH\index.php(56): CodeIgniter\Boot::bootWeb(Object(Config\Paths))
12 SYSTEMPATH\rewrite.php(44): require_once('D:\\CodeIgniter4-develop\\public\\index.php')
ERROR - 2024-12-29 07:44:19 --> mysqli_sql_exception: Unknown column 'name' in 'field list' in D:\CodeIgniter4-develop\system\Database\MySQLi\Connection.php:312
Stack trace:
#0 D:\CodeIgniter4-develop\system\Database\MySQLi\Connection.php(312): mysqli->query('SELECT name FRO...', 0)
#1 D:\CodeIgniter4-develop\system\Database\BaseConnection.php(734): CodeIgniter\Database\MySQLi\Connection->execute('SELECT name FRO...')
#2 D:\CodeIgniter4-develop\system\Database\BaseConnection.php(648): CodeIgniter\Database\BaseConnection->simpleQuery('SELECT name FRO...')
#3 D:\CodeIgniter4-develop\app\Models\Login.php(12): CodeIgniter\Database\BaseConnection->query('SELECT name FRO...')
#4 D:\CodeIgniter4-develop\app\Controllers\LoginController.php(12): App\Models\Login->getDataUsers('ammarnfl', 'e10adc3949ba59a...')
#5 D:\CodeIgniter4-develop\system\CodeIgniter.php(933): App\Controllers\LoginController->login_action()
#6 D:\CodeIgniter4-develop\system\CodeIgniter.php(509): CodeIgniter\CodeIgniter->runController(Object(App\Controllers\LoginController))
#7 D:\CodeIgniter4-develop\system\CodeIgniter.php(355): CodeIgniter\CodeIgniter->handleRequest(NULL, Object(Config\Cache), false)
#8 D:\CodeIgniter4-develop\system\Boot.php(325): CodeIgniter\CodeIgniter->run()
#9 D:\CodeIgniter4-develop\system\Boot.php(67): CodeIgniter\Boot::runCodeIgniter(Object(CodeIgniter\CodeIgniter))
#10 D:\CodeIgniter4-develop\public\index.php(56): CodeIgniter\Boot::bootWeb(Object(Config\Paths))
#11 D:\CodeIgniter4-develop\system\rewrite.php(44): require_once('D:\\CodeIgniter4...')
#12 {main}
CRITICAL - 2024-12-29 07:44:19 --> CodeIgniter\Database\Exceptions\DatabaseException: Unknown column 'name' in 'field list'
[Method: POST, Route: login_action]
in SYSTEMPATH\Database\BaseConnection.php on line 688.
 1 APPPATH\Models\Login.php(12): CodeIgniter\Database\BaseConnection->query('SELECT name FROM account WHERE 
                        username = "ammarnfl" 
                        AND password = "e10adc3949ba59abbe56e057f20f883e"')
 2 APPPATH\Controllers\LoginController.php(12): App\Models\Login->getDataUsers('ammarnfl', 'e10adc3949ba59abbe56e057f20f883e')
 3 SYSTEMPATH\CodeIgniter.php(933): App\Controllers\LoginController->login_action()
 4 SYSTEMPATH\CodeIgniter.php(509): CodeIgniter\CodeIgniter->runController(Object(App\Controllers\LoginController))
 5 SYSTEMPATH\CodeIgniter.php(355): CodeIgniter\CodeIgniter->handleRequest(null, Object(Config\Cache), false)
 6 SYSTEMPATH\Boot.php(325): CodeIgniter\CodeIgniter->run()
 7 SYSTEMPATH\Boot.php(67): CodeIgniter\Boot::runCodeIgniter(Object(CodeIgniter\CodeIgniter))
 8 FCPATH\index.php(56): CodeIgniter\Boot::bootWeb(Object(Config\Paths))
 9 SYSTEMPATH\rewrite.php(44): require_once('D:\\CodeIgniter4-develop\\public\\index.php')
CRITICAL - 2024-12-29 07:44:19 --> [Caused by] CodeIgniter\Database\Exceptions\DatabaseException: Unknown column 'name' in 'field list'
in SYSTEMPATH\Database\MySQLi\Connection.php on line 317.
 1 SYSTEMPATH\Database\BaseConnection.php(734): CodeIgniter\Database\MySQLi\Connection->execute('SELECT name FROM account WHERE 
                        username = "ammarnfl" 
                        AND password = "e10adc3949ba59abbe56e057f20f883e"')
 2 SYSTEMPATH\Database\BaseConnection.php(648): CodeIgniter\Database\BaseConnection->simpleQuery('SELECT name FROM account WHERE 
                        username = "ammarnfl" 
                        AND password = "e10adc3949ba59abbe56e057f20f883e"')
 3 APPPATH\Models\Login.php(12): CodeIgniter\Database\BaseConnection->query('SELECT name FROM account WHERE 
                        username = "ammarnfl" 
                        AND password = "e10adc3949ba59abbe56e057f20f883e"')
 4 APPPATH\Controllers\LoginController.php(12): App\Models\Login->getDataUsers('ammarnfl', 'e10adc3949ba59abbe56e057f20f883e')
 5 SYSTEMPATH\CodeIgniter.php(933): App\Controllers\LoginController->login_action()
 6 SYSTEMPATH\CodeIgniter.php(509): CodeIgniter\CodeIgniter->runController(Object(App\Controllers\LoginController))
 7 SYSTEMPATH\CodeIgniter.php(355): CodeIgniter\CodeIgniter->handleRequest(null, Object(Config\Cache), false)
 8 SYSTEMPATH\Boot.php(325): CodeIgniter\CodeIgniter->run()
 9 SYSTEMPATH\Boot.php(67): CodeIgniter\Boot::runCodeIgniter(Object(CodeIgniter\CodeIgniter))
10 FCPATH\index.php(56): CodeIgniter\Boot::bootWeb(Object(Config\Paths))
11 SYSTEMPATH\rewrite.php(44): require_once('D:\\CodeIgniter4-develop\\public\\index.php')
CRITICAL - 2024-12-29 07:44:19 --> [Caused by] mysqli_sql_exception: Unknown column 'name' in 'field list'
in SYSTEMPATH\Database\MySQLi\Connection.php on line 312.
 1 SYSTEMPATH\Database\MySQLi\Connection.php(312): mysqli->query('SELECT name FROM account WHERE 
                        username = "ammarnfl" 
                        AND password = "e10adc3949ba59abbe56e057f20f883e"', 0)
 2 SYSTEMPATH\Database\BaseConnection.php(734): CodeIgniter\Database\MySQLi\Connection->execute('SELECT name FROM account WHERE 
                        username = "ammarnfl" 
                        AND password = "e10adc3949ba59abbe56e057f20f883e"')
 3 SYSTEMPATH\Database\BaseConnection.php(648): CodeIgniter\Database\BaseConnection->simpleQuery('SELECT name FROM account WHERE 
                        username = "ammarnfl" 
                        AND password = "e10adc3949ba59abbe56e057f20f883e"')
 4 APPPATH\Models\Login.php(12): CodeIgniter\Database\BaseConnection->query('SELECT name FROM account WHERE 
                        username = "ammarnfl" 
                        AND password = "e10adc3949ba59abbe56e057f20f883e"')
 5 APPPATH\Controllers\LoginController.php(12): App\Models\Login->getDataUsers('ammarnfl', 'e10adc3949ba59abbe56e057f20f883e')
 6 SYSTEMPATH\CodeIgniter.php(933): App\Controllers\LoginController->login_action()
 7 SYSTEMPATH\CodeIgniter.php(509): CodeIgniter\CodeIgniter->runController(Object(App\Controllers\LoginController))
 8 SYSTEMPATH\CodeIgniter.php(355): CodeIgniter\CodeIgniter->handleRequest(null, Object(Config\Cache), false)
 9 SYSTEMPATH\Boot.php(325): CodeIgniter\CodeIgniter->run()
10 SYSTEMPATH\Boot.php(67): CodeIgniter\Boot::runCodeIgniter(Object(CodeIgniter\CodeIgniter))
11 FCPATH\index.php(56): CodeIgniter\Boot::bootWeb(Object(Config\Paths))
12 SYSTEMPATH\rewrite.php(44): require_once('D:\\CodeIgniter4-develop\\public\\index.php')
ERROR - 2024-12-29 07:47:30 --> mysqli_sql_exception: Unknown column 'name' in 'field list' in D:\CodeIgniter4-develop\system\Database\MySQLi\Connection.php:312
Stack trace:
#0 D:\CodeIgniter4-develop\system\Database\MySQLi\Connection.php(312): mysqli->query('SELECT name FRO...', 0)
#1 D:\CodeIgniter4-develop\system\Database\BaseConnection.php(734): CodeIgniter\Database\MySQLi\Connection->execute('SELECT name FRO...')
#2 D:\CodeIgniter4-develop\system\Database\BaseConnection.php(648): CodeIgniter\Database\BaseConnection->simpleQuery('SELECT name FRO...')
#3 D:\CodeIgniter4-develop\app\Models\Login.php(12): CodeIgniter\Database\BaseConnection->query('SELECT name FRO...')
#4 D:\CodeIgniter4-develop\app\Controllers\LoginController.php(12): App\Models\Login->getDataUsers('ammarnfl', 'e10adc3949ba59a...')
#5 D:\CodeIgniter4-develop\system\CodeIgniter.php(933): App\Controllers\LoginController->login_action()
#6 D:\CodeIgniter4-develop\system\CodeIgniter.php(509): CodeIgniter\CodeIgniter->runController(Object(App\Controllers\LoginController))
#7 D:\CodeIgniter4-develop\system\CodeIgniter.php(355): CodeIgniter\CodeIgniter->handleRequest(NULL, Object(Config\Cache), false)
#8 D:\CodeIgniter4-develop\system\Boot.php(325): CodeIgniter\CodeIgniter->run()
#9 D:\CodeIgniter4-develop\system\Boot.php(67): CodeIgniter\Boot::runCodeIgniter(Object(CodeIgniter\CodeIgniter))
#10 D:\CodeIgniter4-develop\public\index.php(56): CodeIgniter\Boot::bootWeb(Object(Config\Paths))
#11 D:\CodeIgniter4-develop\system\rewrite.php(44): require_once('D:\\CodeIgniter4...')
#12 {main}
CRITICAL - 2024-12-29 07:47:30 --> CodeIgniter\Database\Exceptions\DatabaseException: Unknown column 'name' in 'field list'
[Method: POST, Route: login_action]
in SYSTEMPATH\Database\BaseConnection.php on line 688.
 1 APPPATH\Models\Login.php(12): CodeIgniter\Database\BaseConnection->query('SELECT name FROM account WHERE 
                        username = "ammarnfl" 
                        AND password = "e10adc3949ba59abbe56e057f20f883e"')
 2 APPPATH\Controllers\LoginController.php(12): App\Models\Login->getDataUsers('ammarnfl', 'e10adc3949ba59abbe56e057f20f883e')
 3 SYSTEMPATH\CodeIgniter.php(933): App\Controllers\LoginController->login_action()
 4 SYSTEMPATH\CodeIgniter.php(509): CodeIgniter\CodeIgniter->runController(Object(App\Controllers\LoginController))
 5 SYSTEMPATH\CodeIgniter.php(355): CodeIgniter\CodeIgniter->handleRequest(null, Object(Config\Cache), false)
 6 SYSTEMPATH\Boot.php(325): CodeIgniter\CodeIgniter->run()
 7 SYSTEMPATH\Boot.php(67): CodeIgniter\Boot::runCodeIgniter(Object(CodeIgniter\CodeIgniter))
 8 FCPATH\index.php(56): CodeIgniter\Boot::bootWeb(Object(Config\Paths))
 9 SYSTEMPATH\rewrite.php(44): require_once('D:\\CodeIgniter4-develop\\public\\index.php')
CRITICAL - 2024-12-29 07:47:30 --> [Caused by] CodeIgniter\Database\Exceptions\DatabaseException: Unknown column 'name' in 'field list'
in SYSTEMPATH\Database\MySQLi\Connection.php on line 317.
 1 SYSTEMPATH\Database\BaseConnection.php(734): CodeIgniter\Database\MySQLi\Connection->execute('SELECT name FROM account WHERE 
                        username = "ammarnfl" 
                        AND password = "e10adc3949ba59abbe56e057f20f883e"')
 2 SYSTEMPATH\Database\BaseConnection.php(648): CodeIgniter\Database\BaseConnection->simpleQuery('SELECT name FROM account WHERE 
                        username = "ammarnfl" 
                        AND password = "e10adc3949ba59abbe56e057f20f883e"')
 3 APPPATH\Models\Login.php(12): CodeIgniter\Database\BaseConnection->query('SELECT name FROM account WHERE 
                        username = "ammarnfl" 
                        AND password = "e10adc3949ba59abbe56e057f20f883e"')
 4 APPPATH\Controllers\LoginController.php(12): App\Models\Login->getDataUsers('ammarnfl', 'e10adc3949ba59abbe56e057f20f883e')
 5 SYSTEMPATH\CodeIgniter.php(933): App\Controllers\LoginController->login_action()
 6 SYSTEMPATH\CodeIgniter.php(509): CodeIgniter\CodeIgniter->runController(Object(App\Controllers\LoginController))
 7 SYSTEMPATH\CodeIgniter.php(355): CodeIgniter\CodeIgniter->handleRequest(null, Object(Config\Cache), false)
 8 SYSTEMPATH\Boot.php(325): CodeIgniter\CodeIgniter->run()
 9 SYSTEMPATH\Boot.php(67): CodeIgniter\Boot::runCodeIgniter(Object(CodeIgniter\CodeIgniter))
10 FCPATH\index.php(56): CodeIgniter\Boot::bootWeb(Object(Config\Paths))
11 SYSTEMPATH\rewrite.php(44): require_once('D:\\CodeIgniter4-develop\\public\\index.php')
CRITICAL - 2024-12-29 07:47:30 --> [Caused by] mysqli_sql_exception: Unknown column 'name' in 'field list'
in SYSTEMPATH\Database\MySQLi\Connection.php on line 312.
 1 SYSTEMPATH\Database\MySQLi\Connection.php(312): mysqli->query('SELECT name FROM account WHERE 
                        username = "ammarnfl" 
                        AND password = "e10adc3949ba59abbe56e057f20f883e"', 0)
 2 SYSTEMPATH\Database\BaseConnection.php(734): CodeIgniter\Database\MySQLi\Connection->execute('SELECT name FROM account WHERE 
                        username = "ammarnfl" 
                        AND password = "e10adc3949ba59abbe56e057f20f883e"')
 3 SYSTEMPATH\Database\BaseConnection.php(648): CodeIgniter\Database\BaseConnection->simpleQuery('SELECT name FROM account WHERE 
                        username = "ammarnfl" 
                        AND password = "e10adc3949ba59abbe56e057f20f883e"')
 4 APPPATH\Models\Login.php(12): CodeIgniter\Database\BaseConnection->query('SELECT name FROM account WHERE 
                        username = "ammarnfl" 
                        AND password = "e10adc3949ba59abbe56e057f20f883e"')
 5 APPPATH\Controllers\LoginController.php(12): App\Models\Login->getDataUsers('ammarnfl', 'e10adc3949ba59abbe56e057f20f883e')
 6 SYSTEMPATH\CodeIgniter.php(933): App\Controllers\LoginController->login_action()
 7 SYSTEMPATH\CodeIgniter.php(509): CodeIgniter\CodeIgniter->runController(Object(App\Controllers\LoginController))
 8 SYSTEMPATH\CodeIgniter.php(355): CodeIgniter\CodeIgniter->handleRequest(null, Object(Config\Cache), false)
 9 SYSTEMPATH\Boot.php(325): CodeIgniter\CodeIgniter->run()
10 SYSTEMPATH\Boot.php(67): CodeIgniter\Boot::runCodeIgniter(Object(CodeIgniter\CodeIgniter))
11 FCPATH\index.php(56): CodeIgniter\Boot::bootWeb(Object(Config\Paths))
12 SYSTEMPATH\rewrite.php(44): require_once('D:\\CodeIgniter4-develop\\public\\index.php')
DEBUG - 2024-12-29 07:49:12 --> Session: Class initialized using 'CodeIgniter\Session\Handlers\FileHandler' driver.
DEBUG - 2024-12-29 07:49:12 --> Session: Class initialized using 'CodeIgniter\Session\Handlers\FileHandler' driver.
DEBUG - 2024-12-29 07:49:22 --> Session: Class initialized using 'CodeIgniter\Session\Handlers\FileHandler' driver.
DEBUG - 2024-12-29 07:49:22 --> Session: Class initialized using 'CodeIgniter\Session\Handlers\FileHandler' driver.
DEBUG - 2024-12-29 07:49:23 --> Session: Class initialized using 'CodeIgniter\Session\Handlers\FileHandler' driver.
DEBUG - 2024-12-29 07:49:23 --> Session: Class initialized using 'CodeIgniter\Session\Handlers\FileHandler' driver.
DEBUG - 2024-12-29 07:49:30 --> Session: Class initialized using 'CodeIgniter\Session\Handlers\FileHandler' driver.
DEBUG - 2024-12-29 07:49:30 --> Session: Class initialized using 'CodeIgniter\Session\Handlers\FileHandler' driver.
DEBUG - 2024-12-29 07:49:39 --> Session: Class initialized using 'CodeIgniter\Session\Handlers\FileHandler' driver.
DEBUG - 2024-12-29 07:49:58 --> Session: Class initialized using 'CodeIgniter\Session\Handlers\FileHandler' driver.
DEBUG - 2024-12-29 07:50:10 --> Session: Class initialized using 'CodeIgniter\Session\Handlers\FileHandler' driver.
DEBUG - 2024-12-29 07:51:59 --> Session: Class initialized using 'CodeIgniter\Session\Handlers\FileHandler' driver.
DEBUG - 2024-12-29 07:52:35 --> Session: Class initialized using 'CodeIgniter\Session\Handlers\FileHandler' driver.
DEBUG - 2024-12-29 07:52:55 --> Session: Class initialized using 'CodeIgniter\Session\Handlers\FileHandler' driver.
DEBUG - 2024-12-29 07:52:56 --> Session: Class initialized using 'CodeIgniter\Session\Handlers\FileHandler' driver.
DEBUG - 2024-12-29 07:53:28 --> Session: Class initialized using 'CodeIgniter\Session\Handlers\FileHandler' driver.
DEBUG - 2024-12-29 07:54:16 --> Session: Class initialized using 'CodeIgniter\Session\Handlers\FileHandler' driver.
DEBUG - 2024-12-29 07:54:17 --> Session: Class initialized using 'CodeIgniter\Session\Handlers\FileHandler' driver.
DEBUG - 2024-12-29 07:54:31 --> Session: Class initialized using 'CodeIgniter\Session\Handlers\FileHandler' driver.
DEBUG - 2024-12-29 07:54:32 --> Session: Class initialized using 'CodeIgniter\Session\Handlers\FileHandler' driver.
DEBUG - 2024-12-29 07:56:36 --> Session: Class initialized using 'CodeIgniter\Session\Handlers\FileHandler' driver.
CRITICAL - 2024-12-29 07:56:36 --> CodeIgniter\View\Exceptions\ViewException: Invalid file: "footer.php"
[Method: GET, Route: /]
in SYSTEMPATH\Exceptions\FrameworkException.php on line 41.
 1 SYSTEMPATH\View\View.php(222): CodeIgniter\Exceptions\FrameworkException::forInvalidFile('footer.php')
 2 SYSTEMPATH\Common.php(1171): CodeIgniter\View\View->render('footer', [], true)
 3 APPPATH\Controllers\Home.php(17): view('footer')
 4 SYSTEMPATH\CodeIgniter.php(933): App\Controllers\Home->index()
 5 SYSTEMPATH\CodeIgniter.php(509): CodeIgniter\CodeIgniter->runController(Object(App\Controllers\Home))
 6 SYSTEMPATH\CodeIgniter.php(355): CodeIgniter\CodeIgniter->handleRequest(null, Object(Config\Cache), false)
 7 SYSTEMPATH\Boot.php(325): CodeIgniter\CodeIgniter->run()
 8 SYSTEMPATH\Boot.php(67): CodeIgniter\Boot::runCodeIgniter(Object(CodeIgniter\CodeIgniter))
 9 FCPATH\index.php(56): CodeIgniter\Boot::bootWeb(Object(Config\Paths))
10 SYSTEMPATH\rewrite.php(44): require_once('D:\\CodeIgniter4-develop\\public\\index.php')
DEBUG - 2024-12-29 07:56:46 --> Session: Class initialized using 'CodeIgniter\Session\Handlers\FileHandler' driver.
DEBUG - 2024-12-29 10:43:59 --> Session: Class initialized using 'CodeIgniter\Session\Handlers\FileHandler' driver.
DEBUG - 2024-12-29 10:43:59 --> Session: Class initialized using 'CodeIgniter\Session\Handlers\FileHandler' driver.
DEBUG - 2024-12-29 10:44:07 --> Session: Class initialized using 'CodeIgniter\Session\Handlers\FileHandler' driver.
DEBUG - 2024-12-29 10:44:07 --> Session: Class initialized using 'CodeIgniter\Session\Handlers\FileHandler' driver.
DEBUG - 2024-12-29 10:44:11 --> Session: Class initialized using 'CodeIgniter\Session\Handlers\FileHandler' driver.
DEBUG - 2024-12-29 10:44:11 --> Session: Class initialized using 'CodeIgniter\Session\Handlers\FileHandler' driver.
DEBUG - 2024-12-29 10:44:34 --> Session: Class initialized using 'CodeIgniter\Session\Handlers\FileHandler' driver.
DEBUG - 2024-12-29 10:44:37 --> Session: Class initialized using 'CodeIgniter\Session\Handlers\FileHandler' driver.
DEBUG - 2024-12-29 10:45:02 --> Session: Class initialized using 'CodeIgniter\Session\Handlers\FileHandler' driver.
DEBUG - 2024-12-29 10:45:16 --> Session: Class initialized using 'CodeIgniter\Session\Handlers\FileHandler' driver.
DEBUG - 2024-12-29 10:45:25 --> Session: Class initialized using 'CodeIgniter\Session\Handlers\FileHandler' driver.
DEBUG - 2024-12-29 10:45:32 --> Session: Class initialized using 'CodeIgniter\Session\Handlers\FileHandler' driver.
DEBUG - 2024-12-29 10:46:04 --> Session: Class initialized using 'CodeIgniter\Session\Handlers\FileHandler' driver.
DEBUG - 2024-12-29 10:46:11 --> Session: Class initialized using 'CodeIgniter\Session\Handlers\FileHandler' driver.
DEBUG - 2024-12-29 10:46:16 --> Session: Class initialized using 'CodeIgniter\Session\Handlers\FileHandler' driver.
DEBUG - 2024-12-29 10:46:28 --> Session: Class initialized using 'CodeIgniter\Session\Handlers\FileHandler' driver.
DEBUG - 2024-12-29 10:50:03 --> Session: Class initialized using 'CodeIgniter\Session\Handlers\FileHandler' driver.
DEBUG - 2024-12-29 10:50:18 --> Session: Class initialized using 'CodeIgniter\Session\Handlers\FileHandler' driver.
DEBUG - 2024-12-29 10:50:29 --> Session: Class initialized using 'CodeIgniter\Session\Handlers\FileHandler' driver.
DEBUG - 2024-12-29 10:52:19 --> Session: Class initialized using 'CodeIgniter\Session\Handlers\FileHandler' driver.
DEBUG - 2024-12-29 10:52:20 --> Session: Class initialized using 'CodeIgniter\Session\Handlers\FileHandler' driver.
DEBUG - 2024-12-29 10:52:26 --> Session: Class initialized using 'CodeIgniter\Session\Handlers\FileHandler' driver.
CRITICAL - 2024-12-29 10:52:26 --> CodeIgniter\HTTP\Exceptions\BadRequestException: The URI you submitted has disallowed characters: "images\image1.jpg"
[Method: GET, Route: images%5Cimage1.jpg]
in SYSTEMPATH\Router\Router.php on line 737.
 1 SYSTEMPATH\Router\Router.php(204): CodeIgniter\Router\Router->checkDisallowedChars('images\\image1.jpg')
 2 SYSTEMPATH\CodeIgniter.php(834): CodeIgniter\Router\Router->handle('images\\image1.jpg')
 3 SYSTEMPATH\CodeIgniter.php(457): CodeIgniter\CodeIgniter->tryToRouteIt(Object(CodeIgniter\Router\RouteCollection))
 4 SYSTEMPATH\CodeIgniter.php(355): CodeIgniter\CodeIgniter->handleRequest(null, Object(Config\Cache), false)
 5 SYSTEMPATH\Boot.php(325): CodeIgniter\CodeIgniter->run()
 6 SYSTEMPATH\Boot.php(67): CodeIgniter\Boot::runCodeIgniter(Object(CodeIgniter\CodeIgniter))
 7 FCPATH\index.php(56): CodeIgniter\Boot::bootWeb(Object(Config\Paths))
 8 SYSTEMPATH\rewrite.php(44): require_once('D:\\CodeIgniter4-develop\\public\\index.php')
DEBUG - 2024-12-29 10:52:26 --> Session: Class initialized using 'CodeIgniter\Session\Handlers\FileHandler' driver.
CRITICAL - 2024-12-29 10:52:26 --> CodeIgniter\HTTP\Exceptions\BadRequestException: The URI you submitted has disallowed characters: "images\image1.jpg"
[Method: GET, Route: images%5Cimage1.jpg]
in SYSTEMPATH\Router\Router.php on line 737.
 1 SYSTEMPATH\Router\Router.php(204): CodeIgniter\Router\Router->checkDisallowedChars('images\\image1.jpg')
 2 SYSTEMPATH\CodeIgniter.php(834): CodeIgniter\Router\Router->handle('images\\image1.jpg')
 3 SYSTEMPATH\CodeIgniter.php(457): CodeIgniter\CodeIgniter->tryToRouteIt(Object(CodeIgniter\Router\RouteCollection))
 4 SYSTEMPATH\CodeIgniter.php(355): CodeIgniter\CodeIgniter->handleRequest(null, Object(Config\Cache), false)
 5 SYSTEMPATH\Boot.php(325): CodeIgniter\CodeIgniter->run()
 6 SYSTEMPATH\Boot.php(67): CodeIgniter\Boot::runCodeIgniter(Object(CodeIgniter\CodeIgniter))
 7 FCPATH\index.php(56): CodeIgniter\Boot::bootWeb(Object(Config\Paths))
 8 SYSTEMPATH\rewrite.php(44): require_once('D:\\CodeIgniter4-develop\\public\\index.php')
DEBUG - 2024-12-29 10:52:27 --> Session: Class initialized using 'CodeIgniter\Session\Handlers\FileHandler' driver.
CRITICAL - 2024-12-29 10:52:27 --> CodeIgniter\HTTP\Exceptions\BadRequestException: The URI you submitted has disallowed characters: "images\image1.jpg"
[Method: GET, Route: images%5Cimage1.jpg]
in SYSTEMPATH\Router\Router.php on line 737.
 1 SYSTEMPATH\Router\Router.php(204): CodeIgniter\Router\Router->checkDisallowedChars('images\\image1.jpg')
 2 SYSTEMPATH\CodeIgniter.php(834): CodeIgniter\Router\Router->handle('images\\image1.jpg')
 3 SYSTEMPATH\CodeIgniter.php(457): CodeIgniter\CodeIgniter->tryToRouteIt(Object(CodeIgniter\Router\RouteCollection))
 4 SYSTEMPATH\CodeIgniter.php(355): CodeIgniter\CodeIgniter->handleRequest(null, Object(Config\Cache), false)
 5 SYSTEMPATH\Boot.php(325): CodeIgniter\CodeIgniter->run()
 6 SYSTEMPATH\Boot.php(67): CodeIgniter\Boot::runCodeIgniter(Object(CodeIgniter\CodeIgniter))
 7 FCPATH\index.php(56): CodeIgniter\Boot::bootWeb(Object(Config\Paths))
 8 SYSTEMPATH\rewrite.php(44): require_once('D:\\CodeIgniter4-develop\\public\\index.php')
DEBUG - 2024-12-29 10:52:49 --> Session: Class initialized using 'CodeIgniter\Session\Handlers\FileHandler' driver.
DEBUG - 2024-12-29 10:53:07 --> Session: Class initialized using 'CodeIgniter\Session\Handlers\FileHandler' driver.
DEBUG - 2024-12-29 10:53:33 --> Session: Class initialized using 'CodeIgniter\Session\Handlers\FileHandler' driver.
DEBUG - 2024-12-29 10:53:34 --> Session: Class initialized using 'CodeIgniter\Session\Handlers\FileHandler' driver.
DEBUG - 2024-12-29 10:55:19 --> Session: Class initialized using 'CodeIgniter\Session\Handlers\FileHandler' driver.
DEBUG - 2024-12-29 10:59:34 --> Session: Class initialized using 'CodeIgniter\Session\Handlers\FileHandler' driver.
DEBUG - 2024-12-29 10:59:58 --> Session: Class initialized using 'CodeIgniter\Session\Handlers\FileHandler' driver.
DEBUG - 2024-12-29 11:00:11 --> Session: Class initialized using 'CodeIgniter\Session\Handlers\FileHandler' driver.
DEBUG - 2024-12-29 11:00:41 --> Session: Class initialized using 'CodeIgniter\Session\Handlers\FileHandler' driver.
DEBUG - 2024-12-29 11:03:20 --> Session: Class initialized using 'CodeIgniter\Session\Handlers\FileHandler' driver.
DEBUG - 2024-12-29 11:03:21 --> Session: Class initialized using 'CodeIgniter\Session\Handlers\FileHandler' driver.
DEBUG - 2024-12-29 11:03:28 --> Session: Class initialized using 'CodeIgniter\Session\Handlers\FileHandler' driver.
DEBUG - 2024-12-29 11:06:04 --> Session: Class initialized using 'CodeIgniter\Session\Handlers\FileHandler' driver.
DEBUG - 2024-12-29 11:07:08 --> Session: Class initialized using 'CodeIgniter\Session\Handlers\FileHandler' driver.
DEBUG - 2024-12-29 11:07:21 --> Session: Class initialized using 'CodeIgniter\Session\Handlers\FileHandler' driver.
DEBUG - 2024-12-29 11:08:03 --> Session: Class initialized using 'CodeIgniter\Session\Handlers\FileHandler' driver.
DEBUG - 2024-12-29 11:08:04 --> Session: Class initialized using 'CodeIgniter\Session\Handlers\FileHandler' driver.
DEBUG - 2024-12-29 11:09:06 --> Session: Class initialized using 'CodeIgniter\Session\Handlers\FileHandler' driver.
DEBUG - 2024-12-29 11:09:07 --> Session: Class initialized using 'CodeIgniter\Session\Handlers\FileHandler' driver.
DEBUG - 2024-12-29 11:09:08 --> Session: Class initialized using 'CodeIgniter\Session\Handlers\FileHandler' driver.
DEBUG - 2024-12-29 11:09:15 --> Session: Class initialized using 'CodeIgniter\Session\Handlers\FileHandler' driver.
DEBUG - 2024-12-29 11:09:16 --> Session: Class initialized using 'CodeIgniter\Session\Handlers\FileHandler' driver.
DEBUG - 2024-12-29 11:09:17 --> Session: Class initialized using 'CodeIgniter\Session\Handlers\FileHandler' driver.
DEBUG - 2024-12-29 11:11:44 --> Session: Class initialized using 'CodeIgniter\Session\Handlers\FileHandler' driver.
DEBUG - 2024-12-29 11:12:44 --> Session: Class initialized using 'CodeIgniter\Session\Handlers\FileHandler' driver.
DEBUG - 2024-12-29 11:13:56 --> Session: Class initialized using 'CodeIgniter\Session\Handlers\FileHandler' driver.
DEBUG - 2024-12-29 11:14:08 --> Session: Class initialized using 'CodeIgniter\Session\Handlers\FileHandler' driver.
DEBUG - 2024-12-29 11:20:56 --> Session: Class initialized using 'CodeIgniter\Session\Handlers\FileHandler' driver.
DEBUG - 2024-12-29 11:21:03 --> Session: Class initialized using 'CodeIgniter\Session\Handlers\FileHandler' driver.
DEBUG - 2024-12-29 11:21:16 --> Session: Class initialized using 'CodeIgniter\Session\Handlers\FileHandler' driver.
DEBUG - 2024-12-29 11:21:38 --> Session: Class initialized using 'CodeIgniter\Session\Handlers\FileHandler' driver.
DEBUG - 2024-12-29 11:22:16 --> Session: Class initialized using 'CodeIgniter\Session\Handlers\FileHandler' driver.
DEBUG - 2024-12-29 12:11:37 --> Session: Class initialized using 'CodeIgniter\Session\Handlers\FileHandler' driver.
DEBUG - 2024-12-29 12:12:14 --> Session: Class initialized using 'CodeIgniter\Session\Handlers\FileHandler' driver.
DEBUG - 2024-12-29 12:13:03 --> Session: Class initialized using 'CodeIgniter\Session\Handlers\FileHandler' driver.
DEBUG - 2024-12-29 12:13:26 --> Session: Class initialized using 'CodeIgniter\Session\Handlers\FileHandler' driver.
DEBUG - 2024-12-29 12:13:38 --> Session: Class initialized using 'CodeIgniter\Session\Handlers\FileHandler' driver.
DEBUG - 2024-12-29 12:13:48 --> Session: Class initialized using 'CodeIgniter\Session\Handlers\FileHandler' driver.
DEBUG - 2024-12-29 12:14:04 --> Session: Class initialized using 'CodeIgniter\Session\Handlers\FileHandler' driver.
DEBUG - 2024-12-29 12:16:18 --> Session: Class initialized using 'CodeIgniter\Session\Handlers\FileHandler' driver.
DEBUG - 2024-12-29 12:16:23 --> Session: Class initialized using 'CodeIgniter\Session\Handlers\FileHandler' driver.
CRITICAL - 2024-12-29 12:17:05 --> CodeIgniter\View\Exceptions\ViewException: Invalid file: "coba_form.php"
[Method: GET, Route: coba]
in SYSTEMPATH\Exceptions\FrameworkException.php on line 41.
 1 SYSTEMPATH\View\View.php(222): CodeIgniter\Exceptions\FrameworkException::forInvalidFile('coba_form.php')
 2 SYSTEMPATH\Common.php(1171): CodeIgniter\View\View->render('coba_form', [], true)
 3 APPPATH\Controllers\CobaController.php(11): view('coba_form')
 4 SYSTEMPATH\CodeIgniter.php(933): App\Controllers\CobaController->index()
 5 SYSTEMPATH\CodeIgniter.php(509): CodeIgniter\CodeIgniter->runController(Object(App\Controllers\CobaController))
 6 SYSTEMPATH\CodeIgniter.php(355): CodeIgniter\CodeIgniter->handleRequest(null, Object(Config\Cache), false)
 7 SYSTEMPATH\Boot.php(325): CodeIgniter\CodeIgniter->run()
 8 SYSTEMPATH\Boot.php(67): CodeIgniter\Boot::runCodeIgniter(Object(CodeIgniter\CodeIgniter))
 9 FCPATH\index.php(56): CodeIgniter\Boot::bootWeb(Object(Config\Paths))
10 SYSTEMPATH\rewrite.php(44): require_once('D:\\CodeIgniter4-develop\\public\\index.php')
DEBUG - 2024-12-29 12:17:07 --> Session: Class initialized using 'CodeIgniter\Session\Handlers\FileHandler' driver.
DEBUG - 2024-12-29 12:20:33 --> Session: Class initialized using 'CodeIgniter\Session\Handlers\FileHandler' driver.
CRITICAL - 2024-12-29 12:20:35 --> Error: Class "App\Controllers\RentCarModel" not found
[Method: GET, Route: rent-cars]
in APPPATH\Controllers\RentCarController.php on line 11.
 1 SYSTEMPATH\CodeIgniter.php(933): App\Controllers\RentCarController->index()
 2 SYSTEMPATH\CodeIgniter.php(509): CodeIgniter\CodeIgniter->runController(Object(App\Controllers\RentCarController))
 3 SYSTEMPATH\CodeIgniter.php(355): CodeIgniter\CodeIgniter->handleRequest(null, Object(Config\Cache), false)
 4 SYSTEMPATH\Boot.php(325): CodeIgniter\CodeIgniter->run()
 5 SYSTEMPATH\Boot.php(67): CodeIgniter\Boot::runCodeIgniter(Object(CodeIgniter\CodeIgniter))
 6 FCPATH\index.php(56): CodeIgniter\Boot::bootWeb(Object(Config\Paths))
 7 SYSTEMPATH\rewrite.php(44): require_once('D:\\CodeIgniter4-develop\\public\\index.php')
CRITICAL - 2024-12-29 12:23:47 --> ErrorException: Undefined array key "vendor"
[Method: GET, Route: rent-cars]
in APPPATH\Views\carlist.php on line 38.
 1 APPPATH\Views\carlist.php(38): CodeIgniter\Debug\Exceptions->errorHandler(2, 'Undefined array key "vendor"', 'D:\\CodeIgniter4-develop\\app\\Views\\carlist.php', 38)
 2 SYSTEMPATH\View\View.php(234): include('D:\\CodeIgniter4-develop\\app\\Views\\carlist.php')
 3 SYSTEMPATH\View\View.php(237): CodeIgniter\View\View->CodeIgniter\View\{closure}()
 4 SYSTEMPATH\Common.php(1171): CodeIgniter\View\View->render('carlist', [], true)
 5 APPPATH\Controllers\RentCarController.php(13): view('carlist', [...])
 6 SYSTEMPATH\CodeIgniter.php(933): App\Controllers\RentCarController->index()
 7 SYSTEMPATH\CodeIgniter.php(509): CodeIgniter\CodeIgniter->runController(Object(App\Controllers\RentCarController))
 8 SYSTEMPATH\CodeIgniter.php(355): CodeIgniter\CodeIgniter->handleRequest(null, Object(Config\Cache), false)
 9 SYSTEMPATH\Boot.php(325): CodeIgniter\CodeIgniter->run()
10 SYSTEMPATH\Boot.php(67): CodeIgniter\Boot::runCodeIgniter(Object(CodeIgniter\CodeIgniter))
11 FCPATH\index.php(56): CodeIgniter\Boot::bootWeb(Object(Config\Paths))
12 SYSTEMPATH\rewrite.php(44): require_once('D:\\CodeIgniter4-develop\\public\\index.php')
CRITICAL - 2024-12-29 12:24:08 --> ErrorException: Undefined array key "nomor_telepon"
[Method: GET, Route: rent-cars]
in APPPATH\Views\carlist.php on line 38.
 1 APPPATH\Views\carlist.php(38): CodeIgniter\Debug\Exceptions->errorHandler(2, 'Undefined array key "nomor_telepon"', 'D:\\CodeIgniter4-develop\\app\\Views\\carlist.php', 38)
 2 SYSTEMPATH\View\View.php(234): include('D:\\CodeIgniter4-develop\\app\\Views\\carlist.php')
 3 SYSTEMPATH\View\View.php(237): CodeIgniter\View\View->CodeIgniter\View\{closure}()
 4 SYSTEMPATH\Common.php(1171): CodeIgniter\View\View->render('carlist', [], true)
 5 APPPATH\Controllers\RentCarController.php(13): view('carlist', [...])
 6 SYSTEMPATH\CodeIgniter.php(933): App\Controllers\RentCarController->index()
 7 SYSTEMPATH\CodeIgniter.php(509): CodeIgniter\CodeIgniter->runController(Object(App\Controllers\RentCarController))
 8 SYSTEMPATH\CodeIgniter.php(355): CodeIgniter\CodeIgniter->handleRequest(null, Object(Config\Cache), false)
 9 SYSTEMPATH\Boot.php(325): CodeIgniter\CodeIgniter->run()
10 SYSTEMPATH\Boot.php(67): CodeIgniter\Boot::runCodeIgniter(Object(CodeIgniter\CodeIgniter))
11 FCPATH\index.php(56): CodeIgniter\Boot::bootWeb(Object(Config\Paths))
12 SYSTEMPATH\rewrite.php(44): require_once('D:\\CodeIgniter4-develop\\public\\index.php')
CRITICAL - 2024-12-29 12:24:54 --> ErrorException: Undefined array key "deskripsi"
[Method: GET, Route: rent-cars]
in APPPATH\Views\carlist.php on line 40.
 1 APPPATH\Views\carlist.php(40): CodeIgniter\Debug\Exceptions->errorHandler(2, 'Undefined array key "deskripsi"', 'D:\\CodeIgniter4-develop\\app\\Views\\carlist.php', 40)
 2 SYSTEMPATH\View\View.php(234): include('D:\\CodeIgniter4-develop\\app\\Views\\carlist.php')
 3 SYSTEMPATH\View\View.php(237): CodeIgniter\View\View->CodeIgniter\View\{closure}()
 4 SYSTEMPATH\Common.php(1171): CodeIgniter\View\View->render('carlist', [], true)
 5 APPPATH\Controllers\RentCarController.php(13): view('carlist', [...])
 6 SYSTEMPATH\CodeIgniter.php(933): App\Controllers\RentCarController->index()
 7 SYSTEMPATH\CodeIgniter.php(509): CodeIgniter\CodeIgniter->runController(Object(App\Controllers\RentCarController))
 8 SYSTEMPATH\CodeIgniter.php(355): CodeIgniter\CodeIgniter->handleRequest(null, Object(Config\Cache), false)
 9 SYSTEMPATH\Boot.php(325): CodeIgniter\CodeIgniter->run()
10 SYSTEMPATH\Boot.php(67): CodeIgniter\Boot::runCodeIgniter(Object(CodeIgniter\CodeIgniter))
11 FCPATH\index.php(56): CodeIgniter\Boot::bootWeb(Object(Config\Paths))
12 SYSTEMPATH\rewrite.php(44): require_once('D:\\CodeIgniter4-develop\\public\\index.php')
CRITICAL - 2024-12-29 12:25:07 --> ErrorException: Undefined array key "vendor"
[Method: GET, Route: rent-cars]
in APPPATH\Views\carlist.php on line 38.
 1 APPPATH\Views\carlist.php(38): CodeIgniter\Debug\Exceptions->errorHandler(2, 'Undefined array key "vendor"', 'D:\\CodeIgniter4-develop\\app\\Views\\carlist.php', 38)
 2 SYSTEMPATH\View\View.php(234): include('D:\\CodeIgniter4-develop\\app\\Views\\carlist.php')
 3 SYSTEMPATH\View\View.php(237): CodeIgniter\View\View->CodeIgniter\View\{closure}()
 4 SYSTEMPATH\Common.php(1171): CodeIgniter\View\View->render('carlist', [], true)
 5 APPPATH\Controllers\RentCarController.php(13): view('carlist', [...])
 6 SYSTEMPATH\CodeIgniter.php(933): App\Controllers\RentCarController->index()
 7 SYSTEMPATH\CodeIgniter.php(509): CodeIgniter\CodeIgniter->runController(Object(App\Controllers\RentCarController))
 8 SYSTEMPATH\CodeIgniter.php(355): CodeIgniter\CodeIgniter->handleRequest(null, Object(Config\Cache), false)
 9 SYSTEMPATH\Boot.php(325): CodeIgniter\CodeIgniter->run()
10 SYSTEMPATH\Boot.php(67): CodeIgniter\Boot::runCodeIgniter(Object(CodeIgniter\CodeIgniter))
11 FCPATH\index.php(56): CodeIgniter\Boot::bootWeb(Object(Config\Paths))
12 SYSTEMPATH\rewrite.php(44): require_once('D:\\CodeIgniter4-develop\\public\\index.php')
CRITICAL - 2024-12-29 12:25:12 --> ErrorException: Undefined array key "vendor"
[Method: GET, Route: rent-cars]
in APPPATH\Views\carlist.php on line 38.
 1 APPPATH\Views\carlist.php(38): CodeIgniter\Debug\Exceptions->errorHandler(2, 'Undefined array key "vendor"', 'D:\\CodeIgniter4-develop\\app\\Views\\carlist.php', 38)
 2 SYSTEMPATH\View\View.php(234): include('D:\\CodeIgniter4-develop\\app\\Views\\carlist.php')
 3 SYSTEMPATH\View\View.php(237): CodeIgniter\View\View->CodeIgniter\View\{closure}()
 4 SYSTEMPATH\Common.php(1171): CodeIgniter\View\View->render('carlist', [], true)
 5 APPPATH\Controllers\RentCarController.php(13): view('carlist', [...])
 6 SYSTEMPATH\CodeIgniter.php(933): App\Controllers\RentCarController->index()
 7 SYSTEMPATH\CodeIgniter.php(509): CodeIgniter\CodeIgniter->runController(Object(App\Controllers\RentCarController))
 8 SYSTEMPATH\CodeIgniter.php(355): CodeIgniter\CodeIgniter->handleRequest(null, Object(Config\Cache), false)
 9 SYSTEMPATH\Boot.php(325): CodeIgniter\CodeIgniter->run()
10 SYSTEMPATH\Boot.php(67): CodeIgniter\Boot::runCodeIgniter(Object(CodeIgniter\CodeIgniter))
11 FCPATH\index.php(56): CodeIgniter\Boot::bootWeb(Object(Config\Paths))
12 SYSTEMPATH\rewrite.php(44): require_once('D:\\CodeIgniter4-develop\\public\\index.php')
CRITICAL - 2024-12-29 12:26:16 --> ErrorException: Undefined array key "vendor"
[Method: GET, Route: rent-cars]
in APPPATH\Views\carlist.php on line 38.
 1 APPPATH\Views\carlist.php(38): CodeIgniter\Debug\Exceptions->errorHandler(2, 'Undefined array key "vendor"', 'D:\\CodeIgniter4-develop\\app\\Views\\carlist.php', 38)
 2 SYSTEMPATH\View\View.php(234): include('D:\\CodeIgniter4-develop\\app\\Views\\carlist.php')
 3 SYSTEMPATH\View\View.php(237): CodeIgniter\View\View->CodeIgniter\View\{closure}()
 4 SYSTEMPATH\Common.php(1171): CodeIgniter\View\View->render('carlist', [], true)
 5 APPPATH\Controllers\RentCarController.php(13): view('carlist', [...])
 6 SYSTEMPATH\CodeIgniter.php(933): App\Controllers\RentCarController->index()
 7 SYSTEMPATH\CodeIgniter.php(509): CodeIgniter\CodeIgniter->runController(Object(App\Controllers\RentCarController))
 8 SYSTEMPATH\CodeIgniter.php(355): CodeIgniter\CodeIgniter->handleRequest(null, Object(Config\Cache), false)
 9 SYSTEMPATH\Boot.php(325): CodeIgniter\CodeIgniter->run()
10 SYSTEMPATH\Boot.php(67): CodeIgniter\Boot::runCodeIgniter(Object(CodeIgniter\CodeIgniter))
11 FCPATH\index.php(56): CodeIgniter\Boot::bootWeb(Object(Config\Paths))
12 SYSTEMPATH\rewrite.php(44): require_once('D:\\CodeIgniter4-develop\\public\\index.php')
DEBUG - 2024-12-29 12:26:19 --> Session: Class initialized using 'CodeIgniter\Session\Handlers\FileHandler' driver.
DEBUG - 2024-12-29 12:26:21 --> Session: Class initialized using 'CodeIgniter\Session\Handlers\FileHandler' driver.
DEBUG - 2024-12-29 12:26:23 --> Session: Class initialized using 'CodeIgniter\Session\Handlers\FileHandler' driver.
DEBUG - 2024-12-29 14:50:20 --> Session: Class initialized using 'CodeIgniter\Session\Handlers\FileHandler' driver.
DEBUG - 2024-12-29 14:50:21 --> Session: Class initialized using 'CodeIgniter\Session\Handlers\FileHandler' driver.
DEBUG - 2024-12-29 14:55:03 --> Session: Class initialized using 'CodeIgniter\Session\Handlers\FileHandler' driver.
DEBUG - 2024-12-29 14:55:03 --> Session: Class initialized using 'CodeIgniter\Session\Handlers\FileHandler' driver.
DEBUG - 2024-12-29 14:55:07 --> Session: Class initialized using 'CodeIgniter\Session\Handlers\FileHandler' driver.
DEBUG - 2024-12-29 14:55:07 --> Session: Class initialized using 'CodeIgniter\Session\Handlers\FileHandler' driver.
CRITICAL - 2024-12-29 15:19:28 --> ErrorException: Undefined array key "vendor"
[Method: GET, Route: rent-cars]
in APPPATH\Views\carlist.php on line 38.
 1 APPPATH\Views\carlist.php(38): CodeIgniter\Debug\Exceptions->errorHandler(2, 'Undefined array key "vendor"', 'D:\\CodeIgniter4-develop\\app\\Views\\carlist.php', 38)
 2 SYSTEMPATH\View\View.php(234): include('D:\\CodeIgniter4-develop\\app\\Views\\carlist.php')
 3 SYSTEMPATH\View\View.php(237): CodeIgniter\View\View->CodeIgniter\View\{closure}()
 4 SYSTEMPATH\Common.php(1171): CodeIgniter\View\View->render('carlist', [], true)
 5 APPPATH\Controllers\RentCarController.php(13): view('carlist', [...])
 6 SYSTEMPATH\CodeIgniter.php(933): App\Controllers\RentCarController->index()
 7 SYSTEMPATH\CodeIgniter.php(509): CodeIgniter\CodeIgniter->runController(Object(App\Controllers\RentCarController))
 8 SYSTEMPATH\CodeIgniter.php(355): CodeIgniter\CodeIgniter->handleRequest(null, Object(Config\Cache), false)
 9 SYSTEMPATH\Boot.php(325): CodeIgniter\CodeIgniter->run()
10 SYSTEMPATH\Boot.php(67): CodeIgniter\Boot::runCodeIgniter(Object(CodeIgniter\CodeIgniter))
11 FCPATH\index.php(56): CodeIgniter\Boot::bootWeb(Object(Config\Paths))
12 SYSTEMPATH\rewrite.php(44): require_once('D:\\CodeIgniter4-develop\\public\\index.php')
DEBUG - 2024-12-29 15:19:32 --> Session: Class initialized using 'CodeIgniter\Session\Handlers\FileHandler' driver.
DEBUG - 2024-12-29 15:21:56 --> Session: Class initialized using 'CodeIgniter\Session\Handlers\FileHandler' driver.
DEBUG - 2024-12-29 15:23:28 --> Session: Class initialized using 'CodeIgniter\Session\Handlers\FileHandler' driver.
DEBUG - 2024-12-29 15:23:30 --> Session: Class initialized using 'CodeIgniter\Session\Handlers\FileHandler' driver.
DEBUG - 2024-12-29 15:23:30 --> Session: Class initialized using 'CodeIgniter\Session\Handlers\FileHandler' driver.
DEBUG - 2024-12-29 15:23:34 --> Session: Class initialized using 'CodeIgniter\Session\Handlers\FileHandler' driver.
DEBUG - 2024-12-29 15:23:34 --> Session: Class initialized using 'CodeIgniter\Session\Handlers\FileHandler' driver.
CRITICAL - 2024-12-29 15:26:44 --> ErrorException: Undefined array key "vendor"
[Method: GET, Route: rent-cars]
in APPPATH\Views\carlist.php on line 38.
 1 APPPATH\Views\carlist.php(38): CodeIgniter\Debug\Exceptions->errorHandler(2, 'Undefined array key "vendor"', 'D:\\CodeIgniter4-develop\\app\\Views\\carlist.php', 38)
 2 SYSTEMPATH\View\View.php(234): include('D:\\CodeIgniter4-develop\\app\\Views\\carlist.php')
 3 SYSTEMPATH\View\View.php(237): CodeIgniter\View\View->CodeIgniter\View\{closure}()
 4 SYSTEMPATH\Common.php(1171): CodeIgniter\View\View->render('carlist', [], true)
 5 APPPATH\Controllers\RentCarController.php(13): view('carlist', [...])
 6 SYSTEMPATH\CodeIgniter.php(933): App\Controllers\RentCarController->index()
 7 SYSTEMPATH\CodeIgniter.php(509): CodeIgniter\CodeIgniter->runController(Object(App\Controllers\RentCarController))
 8 SYSTEMPATH\CodeIgniter.php(355): CodeIgniter\CodeIgniter->handleRequest(null, Object(Config\Cache), false)
 9 SYSTEMPATH\Boot.php(325): CodeIgniter\CodeIgniter->run()
10 SYSTEMPATH\Boot.php(67): CodeIgniter\Boot::runCodeIgniter(Object(CodeIgniter\CodeIgniter))
11 FCPATH\index.php(56): CodeIgniter\Boot::bootWeb(Object(Config\Paths))
12 SYSTEMPATH\rewrite.php(44): require_once('D:\\CodeIgniter4-develop\\public\\index.php')
DEBUG - 2024-12-29 15:26:50 --> Session: Class initialized using 'CodeIgniter\Session\Handlers\FileHandler' driver.
CRITICAL - 2024-12-29 15:28:07 --> ErrorException: Undefined array key "vendor"
[Method: GET, Route: rent-cars]
in APPPATH\Views\carlist.php on line 38.
 1 APPPATH\Views\carlist.php(38): CodeIgniter\Debug\Exceptions->errorHandler(2, 'Undefined array key "vendor"', 'D:\\CodeIgniter4-develop\\app\\Views\\carlist.php', 38)
 2 SYSTEMPATH\View\View.php(234): include('D:\\CodeIgniter4-develop\\app\\Views\\carlist.php')
 3 SYSTEMPATH\View\View.php(237): CodeIgniter\View\View->CodeIgniter\View\{closure}()
 4 SYSTEMPATH\Common.php(1171): CodeIgniter\View\View->render('carlist', [], true)
 5 APPPATH\Controllers\RentCarController.php(13): view('carlist', [...])
 6 SYSTEMPATH\CodeIgniter.php(933): App\Controllers\RentCarController->index()
 7 SYSTEMPATH\CodeIgniter.php(509): CodeIgniter\CodeIgniter->runController(Object(App\Controllers\RentCarController))
 8 SYSTEMPATH\CodeIgniter.php(355): CodeIgniter\CodeIgniter->handleRequest(null, Object(Config\Cache), false)
 9 SYSTEMPATH\Boot.php(325): CodeIgniter\CodeIgniter->run()
10 SYSTEMPATH\Boot.php(67): CodeIgniter\Boot::runCodeIgniter(Object(CodeIgniter\CodeIgniter))
11 FCPATH\index.php(56): CodeIgniter\Boot::bootWeb(Object(Config\Paths))
12 SYSTEMPATH\rewrite.php(44): require_once('D:\\CodeIgniter4-develop\\public\\index.php')
DEBUG - 2024-12-29 15:28:09 --> Session: Class initialized using 'CodeIgniter\Session\Handlers\FileHandler' driver.
DEBUG - 2024-12-29 15:28:15 --> Session: Class initialized using 'CodeIgniter\Session\Handlers\FileHandler' driver.
DEBUG - 2024-12-29 15:28:44 --> Session: Class initialized using 'CodeIgniter\Session\Handlers\FileHandler' driver.
CRITICAL - 2024-12-29 15:28:48 --> ErrorException: Undefined array key "deskripsi"
[Method: GET, Route: vendors]
in APPPATH\Views\vendorlist.php on line 32.
 1 APPPATH\Views\vendorlist.php(32): CodeIgniter\Debug\Exceptions->errorHandler(2, 'Undefined array key "deskripsi"', 'D:\\CodeIgniter4-develop\\app\\Views\\vendorlist.php', 32)
 2 SYSTEMPATH\View\View.php(234): include('D:\\CodeIgniter4-develop\\app\\Views\\vendorlist.php')
 3 SYSTEMPATH\View\View.php(237): CodeIgniter\View\View->CodeIgniter\View\{closure}()
 4 SYSTEMPATH\Common.php(1171): CodeIgniter\View\View->render('vendorlist', [], true)
 5 APPPATH\Controllers\VendorController.php(13): view('vendorlist', [...])
 6 SYSTEMPATH\CodeIgniter.php(933): App\Controllers\VendorController->index()
 7 SYSTEMPATH\CodeIgniter.php(509): CodeIgniter\CodeIgniter->runController(Object(App\Controllers\VendorController))
 8 SYSTEMPATH\CodeIgniter.php(355): CodeIgniter\CodeIgniter->handleRequest(null, Object(Config\Cache), false)
 9 SYSTEMPATH\Boot.php(325): CodeIgniter\CodeIgniter->run()
10 SYSTEMPATH\Boot.php(67): CodeIgniter\Boot::runCodeIgniter(Object(CodeIgniter\CodeIgniter))
11 FCPATH\index.php(56): CodeIgniter\Boot::bootWeb(Object(Config\Paths))
12 SYSTEMPATH\rewrite.php(44): require_once('D:\\CodeIgniter4-develop\\public\\index.php')
DEBUG - 2024-12-29 15:30:41 --> Session: Class initialized using 'CodeIgniter\Session\Handlers\FileHandler' driver.
DEBUG - 2024-12-29 15:30:45 --> Session: Class initialized using 'CodeIgniter\Session\Handlers\FileHandler' driver.
CRITICAL - 2024-12-29 15:30:48 --> ErrorException: Undefined array key "vendor"
[Method: GET, Route: rent-cars]
in APPPATH\Views\carlist.php on line 38.
 1 APPPATH\Views\carlist.php(38): CodeIgniter\Debug\Exceptions->errorHandler(2, 'Undefined array key "vendor"', 'D:\\CodeIgniter4-develop\\app\\Views\\carlist.php', 38)
 2 SYSTEMPATH\View\View.php(234): include('D:\\CodeIgniter4-develop\\app\\Views\\carlist.php')
 3 SYSTEMPATH\View\View.php(237): CodeIgniter\View\View->CodeIgniter\View\{closure}()
 4 SYSTEMPATH\Common.php(1171): CodeIgniter\View\View->render('carlist', [], true)
 5 APPPATH\Controllers\RentCarController.php(13): view('carlist', [...])
 6 SYSTEMPATH\CodeIgniter.php(933): App\Controllers\RentCarController->index()
 7 SYSTEMPATH\CodeIgniter.php(509): CodeIgniter\CodeIgniter->runController(Object(App\Controllers\RentCarController))
 8 SYSTEMPATH\CodeIgniter.php(355): CodeIgniter\CodeIgniter->handleRequest(null, Object(Config\Cache), false)
 9 SYSTEMPATH\Boot.php(325): CodeIgniter\CodeIgniter->run()
10 SYSTEMPATH\Boot.php(67): CodeIgniter\Boot::runCodeIgniter(Object(CodeIgniter\CodeIgniter))
11 FCPATH\index.php(56): CodeIgniter\Boot::bootWeb(Object(Config\Paths))
12 SYSTEMPATH\rewrite.php(44): require_once('D:\\CodeIgniter4-develop\\public\\index.php')
DEBUG - 2024-12-29 15:33:19 --> Session: Class initialized using 'CodeIgniter\Session\Handlers\FileHandler' driver.
DEBUG - 2024-12-29 15:33:32 --> Session: Class initialized using 'CodeIgniter\Session\Handlers\FileHandler' driver.
DEBUG - 2024-12-29 15:34:15 --> Session: Class initialized using 'CodeIgniter\Session\Handlers\FileHandler' driver.
DEBUG - 2024-12-29 15:34:49 --> Session: Class initialized using 'CodeIgniter\Session\Handlers\FileHandler' driver.
CRITICAL - 2024-12-29 15:34:52 --> ErrorException: Undefined array key "vendor"
[Method: GET, Route: rent-cars]
in APPPATH\Views\carlist.php on line 38.
 1 APPPATH\Views\carlist.php(38): CodeIgniter\Debug\Exceptions->errorHandler(2, 'Undefined array key "vendor"', 'D:\\CodeIgniter4-develop\\app\\Views\\carlist.php', 38)
 2 SYSTEMPATH\View\View.php(234): include('D:\\CodeIgniter4-develop\\app\\Views\\carlist.php')
 3 SYSTEMPATH\View\View.php(237): CodeIgniter\View\View->CodeIgniter\View\{closure}()
 4 SYSTEMPATH\Common.php(1171): CodeIgniter\View\View->render('carlist', [], true)
 5 APPPATH\Controllers\RentCarController.php(13): view('carlist', [...])
 6 SYSTEMPATH\CodeIgniter.php(933): App\Controllers\RentCarController->index()
 7 SYSTEMPATH\CodeIgniter.php(509): CodeIgniter\CodeIgniter->runController(Object(App\Controllers\RentCarController))
 8 SYSTEMPATH\CodeIgniter.php(355): CodeIgniter\CodeIgniter->handleRequest(null, Object(Config\Cache), false)
 9 SYSTEMPATH\Boot.php(325): CodeIgniter\CodeIgniter->run()
10 SYSTEMPATH\Boot.php(67): CodeIgniter\Boot::runCodeIgniter(Object(CodeIgniter\CodeIgniter))
11 FCPATH\index.php(56): CodeIgniter\Boot::bootWeb(Object(Config\Paths))
12 SYSTEMPATH\rewrite.php(44): require_once('D:\\CodeIgniter4-develop\\public\\index.php')
DEBUG - 2024-12-29 15:46:43 --> Session: Class initialized using 'CodeIgniter\Session\Handlers\FileHandler' driver.
DEBUG - 2024-12-29 15:47:25 --> Session: Class initialized using 'CodeIgniter\Session\Handlers\FileHandler' driver.
DEBUG - 2024-12-29 15:47:59 --> Session: Class initialized using 'CodeIgniter\Session\Handlers\FileHandler' driver.
DEBUG - 2024-12-29 15:48:02 --> Session: Class initialized using 'CodeIgniter\Session\Handlers\FileHandler' driver.
DEBUG - 2024-12-29 15:48:02 --> Session: Class initialized using 'CodeIgniter\Session\Handlers\FileHandler' driver.
DEBUG - 2024-12-29 15:48:08 --> Session: Class initialized using 'CodeIgniter\Session\Handlers\FileHandler' driver.
DEBUG - 2024-12-29 15:48:08 --> Session: Class initialized using 'CodeIgniter\Session\Handlers\FileHandler' driver.
DEBUG - 2024-12-29 15:48:43 --> Session: Class initialized using 'CodeIgniter\Session\Handlers\FileHandler' driver.
DEBUG - 2024-12-29 15:50:51 --> Session: Class initialized using 'CodeIgniter\Session\Handlers\FileHandler' driver.
DEBUG - 2024-12-29 17:10:09 --> Session: Class initialized using 'CodeIgniter\Session\Handlers\FileHandler' driver.
