ERROR - 2024-11-13 14:29:46 --> mysqli_sql_exception: Table 'foodmart.view_sales_fact_1997' doesn't exist in D:\CodeIgniter4-develop\system\Database\MySQLi\Connection.php:312
Stack trace:
#0 D:\CodeIgniter4-develop\system\Database\MySQLi\Connection.php(312): mysqli->query('SELECT *\nFROM `...', 0)
#1 D:\CodeIgniter4-develop\system\Database\BaseConnection.php(734): CodeIgniter\Database\MySQLi\Connection->execute('SELECT *\nFROM `...')
#2 D:\CodeIgniter4-develop\system\Database\BaseConnection.php(648): CodeIgniter\Database\BaseConnection->simpleQuery('SELECT *\nFROM `...')
#3 D:\CodeIgniter4-develop\system\Database\BaseBuilder.php(1644): CodeIgniter\Database\BaseConnection->query('SELECT *\nFROM `...', Array, false)
#4 D:\CodeIgniter4-develop\system\Model.php(286): CodeIgniter\Database\BaseBuilder->get()
#5 D:\CodeIgniter4-develop\system\BaseModel.php(676): CodeIgniter\Model->doFindAll(1000, 0)
#6 D:\CodeIgniter4-develop\app\Models\Foodmart.php(9): CodeIgniter\BaseModel->findAll(1000)
#7 D:\CodeIgniter4-develop\app\Controllers\FoodmartController.php(9): App\Models\Foodmart->getDataFoodmart()
#8 D:\CodeIgniter4-develop\system\CodeIgniter.php(933): App\Controllers\FoodmartController->index()
#9 D:\CodeIgniter4-develop\system\CodeIgniter.php(509): CodeIgniter\CodeIgniter->runController(Object(App\Controllers\FoodmartController))
#10 D:\CodeIgniter4-develop\system\CodeIgniter.php(355): CodeIgniter\CodeIgniter->handleRequest(NULL, Object(Config\Cache), false)
#11 D:\CodeIgniter4-develop\system\Boot.php(325): CodeIgniter\CodeIgniter->run()
#12 D:\CodeIgniter4-develop\system\Boot.php(67): CodeIgniter\Boot::runCodeIgniter(Object(CodeIgniter\CodeIgniter))
#13 D:\CodeIgniter4-develop\public\index.php(56): CodeIgniter\Boot::bootWeb(Object(Config\Paths))
#14 D:\CodeIgniter4-develop\system\rewrite.php(44): require_once('D:\\CodeIgniter4...')
#15 {main}
CRITICAL - 2024-11-13 14:29:46 --> CodeIgniter\Database\Exceptions\DatabaseException: Table 'foodmart.view_sales_fact_1997' doesn't exist
[Method: GET, Route: foodmart]
in SYSTEMPATH\Database\BaseConnection.php on line 688.
 1 SYSTEMPATH\Database\BaseBuilder.php(1644): CodeIgniter\Database\BaseConnection->query('SELECT *
FROM `view_sales_fact_1997`
 LIMIT 1000', [], false)
 2 SYSTEMPATH\Model.php(286): CodeIgniter\Database\BaseBuilder->get()
 3 SYSTEMPATH\BaseModel.php(676): CodeIgniter\Model->doFindAll(1000, 0)
 4 APPPATH\Models\Foodmart.php(9): CodeIgniter\BaseModel->findAll(1000)
 5 APPPATH\Controllers\FoodmartController.php(9): App\Models\Foodmart->getDataFoodmart()
 6 SYSTEMPATH\CodeIgniter.php(933): App\Controllers\FoodmartController->index()
 7 SYSTEMPATH\CodeIgniter.php(509): CodeIgniter\CodeIgniter->runController(Object(App\Controllers\FoodmartController))
 8 SYSTEMPATH\CodeIgniter.php(355): CodeIgniter\CodeIgniter->handleRequest(null, Object(Config\Cache), false)
 9 SYSTEMPATH\Boot.php(325): CodeIgniter\CodeIgniter->run()
10 SYSTEMPATH\Boot.php(67): CodeIgniter\Boot::runCodeIgniter(Object(CodeIgniter\CodeIgniter))
11 FCPATH\index.php(56): CodeIgniter\Boot::bootWeb(Object(Config\Paths))
12 SYSTEMPATH\rewrite.php(44): require_once('D:\\CodeIgniter4-develop\\public\\index.php')
CRITICAL - 2024-11-13 14:29:46 --> [Caused by] CodeIgniter\Database\Exceptions\DatabaseException: Table 'foodmart.view_sales_fact_1997' doesn't exist
in SYSTEMPATH\Database\MySQLi\Connection.php on line 317.
 1 SYSTEMPATH\Database\BaseConnection.php(734): CodeIgniter\Database\MySQLi\Connection->execute('SELECT *
FROM `view_sales_fact_1997`
 LIMIT 1000')
 2 SYSTEMPATH\Database\BaseConnection.php(648): CodeIgniter\Database\BaseConnection->simpleQuery('SELECT *
FROM `view_sales_fact_1997`
 LIMIT 1000')
 3 SYSTEMPATH\Database\BaseBuilder.php(1644): CodeIgniter\Database\BaseConnection->query('SELECT *
FROM `view_sales_fact_1997`
 LIMIT 1000', [], false)
 4 SYSTEMPATH\Model.php(286): CodeIgniter\Database\BaseBuilder->get()
 5 SYSTEMPATH\BaseModel.php(676): CodeIgniter\Model->doFindAll(1000, 0)
 6 APPPATH\Models\Foodmart.php(9): CodeIgniter\BaseModel->findAll(1000)
 7 APPPATH\Controllers\FoodmartController.php(9): App\Models\Foodmart->getDataFoodmart()
 8 SYSTEMPATH\CodeIgniter.php(933): App\Controllers\FoodmartController->index()
 9 SYSTEMPATH\CodeIgniter.php(509): CodeIgniter\CodeIgniter->runController(Object(App\Controllers\FoodmartController))
10 SYSTEMPATH\CodeIgniter.php(355): CodeIgniter\CodeIgniter->handleRequest(null, Object(Config\Cache), false)
11 SYSTEMPATH\Boot.php(325): CodeIgniter\CodeIgniter->run()
12 SYSTEMPATH\Boot.php(67): CodeIgniter\Boot::runCodeIgniter(Object(CodeIgniter\CodeIgniter))
13 FCPATH\index.php(56): CodeIgniter\Boot::bootWeb(Object(Config\Paths))
14 SYSTEMPATH\rewrite.php(44): require_once('D:\\CodeIgniter4-develop\\public\\index.php')
CRITICAL - 2024-11-13 14:29:46 --> [Caused by] mysqli_sql_exception: Table 'foodmart.view_sales_fact_1997' doesn't exist
in SYSTEMPATH\Database\MySQLi\Connection.php on line 312.
 1 SYSTEMPATH\Database\MySQLi\Connection.php(312): mysqli->query('SELECT *
FROM `view_sales_fact_1997`
 LIMIT 1000', 0)
 2 SYSTEMPATH\Database\BaseConnection.php(734): CodeIgniter\Database\MySQLi\Connection->execute('SELECT *
FROM `view_sales_fact_1997`
 LIMIT 1000')
 3 SYSTEMPATH\Database\BaseConnection.php(648): CodeIgniter\Database\BaseConnection->simpleQuery('SELECT *
FROM `view_sales_fact_1997`
 LIMIT 1000')
 4 SYSTEMPATH\Database\BaseBuilder.php(1644): CodeIgniter\Database\BaseConnection->query('SELECT *
FROM `view_sales_fact_1997`
 LIMIT 1000', [], false)
 5 SYSTEMPATH\Model.php(286): CodeIgniter\Database\BaseBuilder->get()
 6 SYSTEMPATH\BaseModel.php(676): CodeIgniter\Model->doFindAll(1000, 0)
 7 APPPATH\Models\Foodmart.php(9): CodeIgniter\BaseModel->findAll(1000)
 8 APPPATH\Controllers\FoodmartController.php(9): App\Models\Foodmart->getDataFoodmart()
 9 SYSTEMPATH\CodeIgniter.php(933): App\Controllers\FoodmartController->index()
10 SYSTEMPATH\CodeIgniter.php(509): CodeIgniter\CodeIgniter->runController(Object(App\Controllers\FoodmartController))
11 SYSTEMPATH\CodeIgniter.php(355): CodeIgniter\CodeIgniter->handleRequest(null, Object(Config\Cache), false)
12 SYSTEMPATH\Boot.php(325): CodeIgniter\CodeIgniter->run()
13 SYSTEMPATH\Boot.php(67): CodeIgniter\Boot::runCodeIgniter(Object(CodeIgniter\CodeIgniter))
14 FCPATH\index.php(56): CodeIgniter\Boot::bootWeb(Object(Config\Paths))
15 SYSTEMPATH\rewrite.php(44): require_once('D:\\CodeIgniter4-develop\\public\\index.php')
ERROR - 2024-11-13 14:29:46 --> mysqli_sql_exception: Table 'foodmart.view_sales_fact_1997' doesn't exist in D:\CodeIgniter4-develop\system\Database\MySQLi\Connection.php:312
Stack trace:
#0 D:\CodeIgniter4-develop\system\Database\MySQLi\Connection.php(312): mysqli->query('SELECT *\nFROM `...', 0)
#1 D:\CodeIgniter4-develop\system\Database\BaseConnection.php(734): CodeIgniter\Database\MySQLi\Connection->execute('SELECT *\nFROM `...')
#2 D:\CodeIgniter4-develop\system\Database\BaseConnection.php(648): CodeIgniter\Database\BaseConnection->simpleQuery('SELECT *\nFROM `...')
#3 D:\CodeIgniter4-develop\system\Database\BaseBuilder.php(1644): CodeIgniter\Database\BaseConnection->query('SELECT *\nFROM `...', Array, false)
#4 D:\CodeIgniter4-develop\system\Model.php(286): CodeIgniter\Database\BaseBuilder->get()
#5 D:\CodeIgniter4-develop\system\BaseModel.php(676): CodeIgniter\Model->doFindAll(1000, 0)
#6 D:\CodeIgniter4-develop\app\Models\Foodmart.php(9): CodeIgniter\BaseModel->findAll(1000)
#7 D:\CodeIgniter4-develop\app\Controllers\FoodmartController.php(9): App\Models\Foodmart->getDataFoodmart()
#8 D:\CodeIgniter4-develop\system\CodeIgniter.php(933): App\Controllers\FoodmartController->index()
#9 D:\CodeIgniter4-develop\system\CodeIgniter.php(509): CodeIgniter\CodeIgniter->runController(Object(App\Controllers\FoodmartController))
#10 D:\CodeIgniter4-develop\system\CodeIgniter.php(355): CodeIgniter\CodeIgniter->handleRequest(NULL, Object(Config\Cache), false)
#11 D:\CodeIgniter4-develop\system\Boot.php(325): CodeIgniter\CodeIgniter->run()
#12 D:\CodeIgniter4-develop\system\Boot.php(67): CodeIgniter\Boot::runCodeIgniter(Object(CodeIgniter\CodeIgniter))
#13 D:\CodeIgniter4-develop\public\index.php(56): CodeIgniter\Boot::bootWeb(Object(Config\Paths))
#14 D:\CodeIgniter4-develop\system\rewrite.php(44): require_once('D:\\CodeIgniter4...')
#15 {main}
CRITICAL - 2024-11-13 14:29:46 --> CodeIgniter\Database\Exceptions\DatabaseException: Table 'foodmart.view_sales_fact_1997' doesn't exist
[Method: GET, Route: foodmart]
in SYSTEMPATH\Database\BaseConnection.php on line 688.
 1 SYSTEMPATH\Database\BaseBuilder.php(1644): CodeIgniter\Database\BaseConnection->query('SELECT *
FROM `view_sales_fact_1997`
 LIMIT 1000', [], false)
 2 SYSTEMPATH\Model.php(286): CodeIgniter\Database\BaseBuilder->get()
 3 SYSTEMPATH\BaseModel.php(676): CodeIgniter\Model->doFindAll(1000, 0)
 4 APPPATH\Models\Foodmart.php(9): CodeIgniter\BaseModel->findAll(1000)
 5 APPPATH\Controllers\FoodmartController.php(9): App\Models\Foodmart->getDataFoodmart()
 6 SYSTEMPATH\CodeIgniter.php(933): App\Controllers\FoodmartController->index()
 7 SYSTEMPATH\CodeIgniter.php(509): CodeIgniter\CodeIgniter->runController(Object(App\Controllers\FoodmartController))
 8 SYSTEMPATH\CodeIgniter.php(355): CodeIgniter\CodeIgniter->handleRequest(null, Object(Config\Cache), false)
 9 SYSTEMPATH\Boot.php(325): CodeIgniter\CodeIgniter->run()
10 SYSTEMPATH\Boot.php(67): CodeIgniter\Boot::runCodeIgniter(Object(CodeIgniter\CodeIgniter))
11 FCPATH\index.php(56): CodeIgniter\Boot::bootWeb(Object(Config\Paths))
12 SYSTEMPATH\rewrite.php(44): require_once('D:\\CodeIgniter4-develop\\public\\index.php')
CRITICAL - 2024-11-13 14:29:46 --> [Caused by] CodeIgniter\Database\Exceptions\DatabaseException: Table 'foodmart.view_sales_fact_1997' doesn't exist
in SYSTEMPATH\Database\MySQLi\Connection.php on line 317.
 1 SYSTEMPATH\Database\BaseConnection.php(734): CodeIgniter\Database\MySQLi\Connection->execute('SELECT *
FROM `view_sales_fact_1997`
 LIMIT 1000')
 2 SYSTEMPATH\Database\BaseConnection.php(648): CodeIgniter\Database\BaseConnection->simpleQuery('SELECT *
FROM `view_sales_fact_1997`
 LIMIT 1000')
 3 SYSTEMPATH\Database\BaseBuilder.php(1644): CodeIgniter\Database\BaseConnection->query('SELECT *
FROM `view_sales_fact_1997`
 LIMIT 1000', [], false)
 4 SYSTEMPATH\Model.php(286): CodeIgniter\Database\BaseBuilder->get()
 5 SYSTEMPATH\BaseModel.php(676): CodeIgniter\Model->doFindAll(1000, 0)
 6 APPPATH\Models\Foodmart.php(9): CodeIgniter\BaseModel->findAll(1000)
 7 APPPATH\Controllers\FoodmartController.php(9): App\Models\Foodmart->getDataFoodmart()
 8 SYSTEMPATH\CodeIgniter.php(933): App\Controllers\FoodmartController->index()
 9 SYSTEMPATH\CodeIgniter.php(509): CodeIgniter\CodeIgniter->runController(Object(App\Controllers\FoodmartController))
10 SYSTEMPATH\CodeIgniter.php(355): CodeIgniter\CodeIgniter->handleRequest(null, Object(Config\Cache), false)
11 SYSTEMPATH\Boot.php(325): CodeIgniter\CodeIgniter->run()
12 SYSTEMPATH\Boot.php(67): CodeIgniter\Boot::runCodeIgniter(Object(CodeIgniter\CodeIgniter))
13 FCPATH\index.php(56): CodeIgniter\Boot::bootWeb(Object(Config\Paths))
14 SYSTEMPATH\rewrite.php(44): require_once('D:\\CodeIgniter4-develop\\public\\index.php')
CRITICAL - 2024-11-13 14:29:46 --> [Caused by] mysqli_sql_exception: Table 'foodmart.view_sales_fact_1997' doesn't exist
in SYSTEMPATH\Database\MySQLi\Connection.php on line 312.
 1 SYSTEMPATH\Database\MySQLi\Connection.php(312): mysqli->query('SELECT *
FROM `view_sales_fact_1997`
 LIMIT 1000', 0)
 2 SYSTEMPATH\Database\BaseConnection.php(734): CodeIgniter\Database\MySQLi\Connection->execute('SELECT *
FROM `view_sales_fact_1997`
 LIMIT 1000')
 3 SYSTEMPATH\Database\BaseConnection.php(648): CodeIgniter\Database\BaseConnection->simpleQuery('SELECT *
FROM `view_sales_fact_1997`
 LIMIT 1000')
 4 SYSTEMPATH\Database\BaseBuilder.php(1644): CodeIgniter\Database\BaseConnection->query('SELECT *
FROM `view_sales_fact_1997`
 LIMIT 1000', [], false)
 5 SYSTEMPATH\Model.php(286): CodeIgniter\Database\BaseBuilder->get()
 6 SYSTEMPATH\BaseModel.php(676): CodeIgniter\Model->doFindAll(1000, 0)
 7 APPPATH\Models\Foodmart.php(9): CodeIgniter\BaseModel->findAll(1000)
 8 APPPATH\Controllers\FoodmartController.php(9): App\Models\Foodmart->getDataFoodmart()
 9 SYSTEMPATH\CodeIgniter.php(933): App\Controllers\FoodmartController->index()
10 SYSTEMPATH\CodeIgniter.php(509): CodeIgniter\CodeIgniter->runController(Object(App\Controllers\FoodmartController))
11 SYSTEMPATH\CodeIgniter.php(355): CodeIgniter\CodeIgniter->handleRequest(null, Object(Config\Cache), false)
12 SYSTEMPATH\Boot.php(325): CodeIgniter\CodeIgniter->run()
13 SYSTEMPATH\Boot.php(67): CodeIgniter\Boot::runCodeIgniter(Object(CodeIgniter\CodeIgniter))
14 FCPATH\index.php(56): CodeIgniter\Boot::bootWeb(Object(Config\Paths))
15 SYSTEMPATH\rewrite.php(44): require_once('D:\\CodeIgniter4-develop\\public\\index.php')
ERROR - 2024-11-13 14:29:52 --> mysqli_sql_exception: Table 'foodmart.view_sales_fact_1997' doesn't exist in D:\CodeIgniter4-develop\system\Database\MySQLi\Connection.php:312
Stack trace:
#0 D:\CodeIgniter4-develop\system\Database\MySQLi\Connection.php(312): mysqli->query('SELECT *\nFROM `...', 0)
#1 D:\CodeIgniter4-develop\system\Database\BaseConnection.php(734): CodeIgniter\Database\MySQLi\Connection->execute('SELECT *\nFROM `...')
#2 D:\CodeIgniter4-develop\system\Database\BaseConnection.php(648): CodeIgniter\Database\BaseConnection->simpleQuery('SELECT *\nFROM `...')
#3 D:\CodeIgniter4-develop\system\Database\BaseBuilder.php(1644): CodeIgniter\Database\BaseConnection->query('SELECT *\nFROM `...', Array, false)
#4 D:\CodeIgniter4-develop\system\Model.php(286): CodeIgniter\Database\BaseBuilder->get()
#5 D:\CodeIgniter4-develop\system\BaseModel.php(676): CodeIgniter\Model->doFindAll(1000, 0)
#6 D:\CodeIgniter4-develop\app\Models\Foodmart.php(9): CodeIgniter\BaseModel->findAll(1000)
#7 D:\CodeIgniter4-develop\app\Controllers\FoodmartController.php(9): App\Models\Foodmart->getDataFoodmart()
#8 D:\CodeIgniter4-develop\system\CodeIgniter.php(933): App\Controllers\FoodmartController->index()
#9 D:\CodeIgniter4-develop\system\CodeIgniter.php(509): CodeIgniter\CodeIgniter->runController(Object(App\Controllers\FoodmartController))
#10 D:\CodeIgniter4-develop\system\CodeIgniter.php(355): CodeIgniter\CodeIgniter->handleRequest(NULL, Object(Config\Cache), false)
#11 D:\CodeIgniter4-develop\system\Boot.php(325): CodeIgniter\CodeIgniter->run()
#12 D:\CodeIgniter4-develop\system\Boot.php(67): CodeIgniter\Boot::runCodeIgniter(Object(CodeIgniter\CodeIgniter))
#13 D:\CodeIgniter4-develop\public\index.php(56): CodeIgniter\Boot::bootWeb(Object(Config\Paths))
#14 D:\CodeIgniter4-develop\system\rewrite.php(44): require_once('D:\\CodeIgniter4...')
#15 {main}
CRITICAL - 2024-11-13 14:29:52 --> CodeIgniter\Database\Exceptions\DatabaseException: Table 'foodmart.view_sales_fact_1997' doesn't exist
[Method: GET, Route: foodmart]
in SYSTEMPATH\Database\BaseConnection.php on line 688.
 1 SYSTEMPATH\Database\BaseBuilder.php(1644): CodeIgniter\Database\BaseConnection->query('SELECT *
FROM `view_sales_fact_1997`
 LIMIT 1000', [], false)
 2 SYSTEMPATH\Model.php(286): CodeIgniter\Database\BaseBuilder->get()
 3 SYSTEMPATH\BaseModel.php(676): CodeIgniter\Model->doFindAll(1000, 0)
 4 APPPATH\Models\Foodmart.php(9): CodeIgniter\BaseModel->findAll(1000)
 5 APPPATH\Controllers\FoodmartController.php(9): App\Models\Foodmart->getDataFoodmart()
 6 SYSTEMPATH\CodeIgniter.php(933): App\Controllers\FoodmartController->index()
 7 SYSTEMPATH\CodeIgniter.php(509): CodeIgniter\CodeIgniter->runController(Object(App\Controllers\FoodmartController))
 8 SYSTEMPATH\CodeIgniter.php(355): CodeIgniter\CodeIgniter->handleRequest(null, Object(Config\Cache), false)
 9 SYSTEMPATH\Boot.php(325): CodeIgniter\CodeIgniter->run()
10 SYSTEMPATH\Boot.php(67): CodeIgniter\Boot::runCodeIgniter(Object(CodeIgniter\CodeIgniter))
11 FCPATH\index.php(56): CodeIgniter\Boot::bootWeb(Object(Config\Paths))
12 SYSTEMPATH\rewrite.php(44): require_once('D:\\CodeIgniter4-develop\\public\\index.php')
CRITICAL - 2024-11-13 14:29:52 --> [Caused by] CodeIgniter\Database\Exceptions\DatabaseException: Table 'foodmart.view_sales_fact_1997' doesn't exist
in SYSTEMPATH\Database\MySQLi\Connection.php on line 317.
 1 SYSTEMPATH\Database\BaseConnection.php(734): CodeIgniter\Database\MySQLi\Connection->execute('SELECT *
FROM `view_sales_fact_1997`
 LIMIT 1000')
 2 SYSTEMPATH\Database\BaseConnection.php(648): CodeIgniter\Database\BaseConnection->simpleQuery('SELECT *
FROM `view_sales_fact_1997`
 LIMIT 1000')
 3 SYSTEMPATH\Database\BaseBuilder.php(1644): CodeIgniter\Database\BaseConnection->query('SELECT *
FROM `view_sales_fact_1997`
 LIMIT 1000', [], false)
 4 SYSTEMPATH\Model.php(286): CodeIgniter\Database\BaseBuilder->get()
 5 SYSTEMPATH\BaseModel.php(676): CodeIgniter\Model->doFindAll(1000, 0)
 6 APPPATH\Models\Foodmart.php(9): CodeIgniter\BaseModel->findAll(1000)
 7 APPPATH\Controllers\FoodmartController.php(9): App\Models\Foodmart->getDataFoodmart()
 8 SYSTEMPATH\CodeIgniter.php(933): App\Controllers\FoodmartController->index()
 9 SYSTEMPATH\CodeIgniter.php(509): CodeIgniter\CodeIgniter->runController(Object(App\Controllers\FoodmartController))
10 SYSTEMPATH\CodeIgniter.php(355): CodeIgniter\CodeIgniter->handleRequest(null, Object(Config\Cache), false)
11 SYSTEMPATH\Boot.php(325): CodeIgniter\CodeIgniter->run()
12 SYSTEMPATH\Boot.php(67): CodeIgniter\Boot::runCodeIgniter(Object(CodeIgniter\CodeIgniter))
13 FCPATH\index.php(56): CodeIgniter\Boot::bootWeb(Object(Config\Paths))
14 SYSTEMPATH\rewrite.php(44): require_once('D:\\CodeIgniter4-develop\\public\\index.php')
CRITICAL - 2024-11-13 14:29:52 --> [Caused by] mysqli_sql_exception: Table 'foodmart.view_sales_fact_1997' doesn't exist
in SYSTEMPATH\Database\MySQLi\Connection.php on line 312.
 1 SYSTEMPATH\Database\MySQLi\Connection.php(312): mysqli->query('SELECT *
FROM `view_sales_fact_1997`
 LIMIT 1000', 0)
 2 SYSTEMPATH\Database\BaseConnection.php(734): CodeIgniter\Database\MySQLi\Connection->execute('SELECT *
FROM `view_sales_fact_1997`
 LIMIT 1000')
 3 SYSTEMPATH\Database\BaseConnection.php(648): CodeIgniter\Database\BaseConnection->simpleQuery('SELECT *
FROM `view_sales_fact_1997`
 LIMIT 1000')
 4 SYSTEMPATH\Database\BaseBuilder.php(1644): CodeIgniter\Database\BaseConnection->query('SELECT *
FROM `view_sales_fact_1997`
 LIMIT 1000', [], false)
 5 SYSTEMPATH\Model.php(286): CodeIgniter\Database\BaseBuilder->get()
 6 SYSTEMPATH\BaseModel.php(676): CodeIgniter\Model->doFindAll(1000, 0)
 7 APPPATH\Models\Foodmart.php(9): CodeIgniter\BaseModel->findAll(1000)
 8 APPPATH\Controllers\FoodmartController.php(9): App\Models\Foodmart->getDataFoodmart()
 9 SYSTEMPATH\CodeIgniter.php(933): App\Controllers\FoodmartController->index()
10 SYSTEMPATH\CodeIgniter.php(509): CodeIgniter\CodeIgniter->runController(Object(App\Controllers\FoodmartController))
11 SYSTEMPATH\CodeIgniter.php(355): CodeIgniter\CodeIgniter->handleRequest(null, Object(Config\Cache), false)
12 SYSTEMPATH\Boot.php(325): CodeIgniter\CodeIgniter->run()
13 SYSTEMPATH\Boot.php(67): CodeIgniter\Boot::runCodeIgniter(Object(CodeIgniter\CodeIgniter))
14 FCPATH\index.php(56): CodeIgniter\Boot::bootWeb(Object(Config\Paths))
15 SYSTEMPATH\rewrite.php(44): require_once('D:\\CodeIgniter4-develop\\public\\index.php')
